\BOOKMARK [0][]{Cover.0}{Cover}{}% 1
\BOOKMARK [0][]{Titlepage.0}{Titlepage}{}% 2
\BOOKMARK [0][]{Abstract.0}{Abstract}{}% 3
\BOOKMARK [0][]{Acknowledgement.0}{Acknowledgement}{}% 4
\BOOKMARK [0][]{toc.0}{\315ndice general}{}% 5
\BOOKMARK [0][]{chapter.1}{1 Introducci\363n}{}% 6
\BOOKMARK [1][]{section*.7}{1.1 Tema de investigaci\363n}{chapter.1}% 7
\BOOKMARK [1][]{section*.8}{1.2 Justificaci\363n}{chapter.1}% 8
\BOOKMARK [1][]{section*.9}{1.3 Objetivo}{chapter.1}% 9
\BOOKMARK [1][]{section*.11}{1.4 Objetivos espec\355ficos}{chapter.1}% 10
\BOOKMARK [1][]{section*.12}{1.5 Estado de la cuestion}{chapter.1}% 11
\BOOKMARK [1][]{section*.14}{1.6 Contribuciones}{chapter.1}% 12
\BOOKMARK [1][]{section*.15}{1.7 Alcances}{chapter.1}% 13
\BOOKMARK [1][]{section*.16}{1.8 Estructura de la tesis}{chapter.1}% 14
\BOOKMARK [0][]{chapter.2}{2 Marco T\351orico}{}% 15
\BOOKMARK [1][]{section*.18}{2.1 \323ptica}{chapter.2}% 16
\BOOKMARK [2][]{section*.19}{2.1.1 Descripci\363n general del sistema visual humano}{section*.18}% 17
\BOOKMARK [2][]{section*.20}{2.1.2 Estructura del ojo humano}{section*.18}% 18
\BOOKMARK [2][]{section*.21}{2.1.3 Formaci\363n de im\341genes en el ojo}{section*.18}% 19
\BOOKMARK [2][]{section*.22}{2.1.4 Camara digital}{section*.18}% 20
\BOOKMARK [2][]{section*.23}{2.1.5 Componetes de la camara}{section*.18}% 21
\BOOKMARK [2][]{section*.24}{2.1.6 Formaci\363n de la imagen en la camara}{section*.18}% 22
\BOOKMARK [2][]{section*.25}{2.1.7 C\341lculo de la imagen}{section*.18}% 23
\BOOKMARK [1][]{section*.26}{2.2 Procesamiento de datos}{chapter.2}% 24
\BOOKMARK [2][]{section*.27}{2.2.1 Tarjeta procesadora}{section*.26}% 25
\BOOKMARK [2][]{section*.28}{2.2.2 Sistema operativo}{section*.26}% 26
\BOOKMARK [2][]{section*.29}{2.2.3 ROS}{section*.26}% 27
\BOOKMARK [2][]{section*.30}{2.2.4 Procesamiento de imagenes}{section*.26}% 28
\BOOKMARK [2][]{section*.31}{2.2.5 Cuantizaci\363n}{section*.26}% 29
\BOOKMARK [2][]{section*.32}{2.2.6 Librerias OPENCV}{section*.26}% 30
\BOOKMARK [2][]{section*.33}{2.2.7 Transformaciones morfol\363gicas}{section*.26}% 31
\BOOKMARK [0][]{chapter.3}{3 Modelo matem\341tico}{}% 32
\BOOKMARK [1][]{section*.35}{3.1 Marco de referencia}{chapter.3}% 33
\BOOKMARK [0][]{chapter.4}{4 Vision Artificial}{}% 34
\BOOKMARK [1][]{section*.37}{4.1 Camara}{chapter.4}% 35
\BOOKMARK [1][]{section*.38}{4.2 Algoritmo general}{chapter.4}% 36
\BOOKMARK [1][]{section*.39}{4.3 Calibraci\363n de camara}{chapter.4}% 37
\BOOKMARK [1][]{section*.40}{4.4 Comunicaci\363n con ROS}{chapter.4}% 38
\BOOKMARK [2][]{section*.41}{4.4.1 Publisher}{section*.40}% 39
\BOOKMARK [2][]{section*.42}{4.4.2 Subscriber}{section*.40}% 40
\BOOKMARK [1][]{section*.43}{4.5 Espacio de color}{chapter.4}% 41
\BOOKMARK [0][]{chapter*.45}{Bibliograf\355a}{}% 42
\BOOKMARK [0][]{section*.48}{\315ndice de figuras}{}% 43
\BOOKMARK [0][]{section*.49}{\315ndice de cuadros}{}% 44
\BOOKMARK [0][]{section*.51}{Lista de c\363digos}{}% 45
\BOOKMARK [0][]{appendix.Alph1}{A Apendice A}{}% 46
