This is pdfTeX, Version 3.14159265-2.6-1.40.18 (TeX Live 2017/Debian) (preloaded format=pdflatex 2019.10.28)  6 FEB 2020 21:27
entering extended mode
 restricted \write18 enabled.
 file:line:error style messages enabled.
 %&-line parsing enabled.
**Tesis.tex
(/home/marco/Tesis/Tesis/Tesis.tex
LaTeX2e <2017-04-15>
Babel <3.18> and hyphenation patterns for 84 language(s) loaded.
(/usr/share/texlive/texmf-dist/tex/latex/base/book.cls
Document Class: book 2014/09/29 v1.4h Standard LaTeX document class
(/usr/share/texlive/texmf-dist/tex/latex/base/bk12.clo
File: bk12.clo 2014/09/29 v1.4h Standard LaTeX file (size option)
)
\c@part=\count79
\c@chapter=\count80
\c@section=\count81
\c@subsection=\count82
\c@subsubsection=\count83
\c@paragraph=\count84
\c@subparagraph=\count85
\c@figure=\count86
\c@table=\count87
\abovecaptionskip=\skip41
\belowcaptionskip=\skip42
\bibindent=\dimen102
) (/usr/share/texlive/texmf-dist/tex/latex/base/inputenc.sty
Package: inputenc 2015/03/17 v1.2c Input encoding file
\inpenc@prehook=\toks14
\inpenc@posthook=\toks15
 (/usr/share/texlive/texmf-dist/tex/latex/base/utf8.def
File: utf8.def 2017/01/28 v1.1t UTF-8 support for inputenc
Now handling font encoding OML ...
... no UTF-8 mapping file for font encoding OML
Now handling font encoding T1 ...
... processing UTF-8 mapping file for font encoding T1
 (/usr/share/texlive/texmf-dist/tex/latex/base/t1enc.dfu
File: t1enc.dfu 2017/01/28 v1.1t UTF-8 support for inputenc
   defining Unicode char U+00A0 (decimal 160)
   defining Unicode char U+00A1 (decimal 161)
   defining Unicode char U+00A3 (decimal 163)
   defining Unicode char U+00AB (decimal 171)
   defining Unicode char U+00AD (decimal 173)
   defining Unicode char U+00BB (decimal 187)
   defining Unicode char U+00BF (decimal 191)
   defining Unicode char U+00C0 (decimal 192)
   defining Unicode char U+00C1 (decimal 193)
   defining Unicode char U+00C2 (decimal 194)
   defining Unicode char U+00C3 (decimal 195)
   defining Unicode char U+00C4 (decimal 196)
   defining Unicode char U+00C5 (decimal 197)
   defining Unicode char U+00C6 (decimal 198)
   defining Unicode char U+00C7 (decimal 199)
   defining Unicode char U+00C8 (decimal 200)
   defining Unicode char U+00C9 (decimal 201)
   defining Unicode char U+00CA (decimal 202)
   defining Unicode char U+00CB (decimal 203)
   defining Unicode char U+00CC (decimal 204)
   defining Unicode char U+00CD (decimal 205)
   defining Unicode char U+00CE (decimal 206)
   defining Unicode char U+00CF (decimal 207)
   defining Unicode char U+00D0 (decimal 208)
   defining Unicode char U+00D1 (decimal 209)
   defining Unicode char U+00D2 (decimal 210)
   defining Unicode char U+00D3 (decimal 211)
   defining Unicode char U+00D4 (decimal 212)
   defining Unicode char U+00D5 (decimal 213)
   defining Unicode char U+00D6 (decimal 214)
   defining Unicode char U+00D8 (decimal 216)
   defining Unicode char U+00D9 (decimal 217)
   defining Unicode char U+00DA (decimal 218)
   defining Unicode char U+00DB (decimal 219)
   defining Unicode char U+00DC (decimal 220)
   defining Unicode char U+00DD (decimal 221)
   defining Unicode char U+00DE (decimal 222)
   defining Unicode char U+00DF (decimal 223)
   defining Unicode char U+00E0 (decimal 224)
   defining Unicode char U+00E1 (decimal 225)
   defining Unicode char U+00E2 (decimal 226)
   defining Unicode char U+00E3 (decimal 227)
   defining Unicode char U+00E4 (decimal 228)
   defining Unicode char U+00E5 (decimal 229)
   defining Unicode char U+00E6 (decimal 230)
   defining Unicode char U+00E7 (decimal 231)
   defining Unicode char U+00E8 (decimal 232)
   defining Unicode char U+00E9 (decimal 233)
   defining Unicode char U+00EA (decimal 234)
   defining Unicode char U+00EB (decimal 235)
   defining Unicode char U+00EC (decimal 236)
   defining Unicode char U+00ED (decimal 237)
   defining Unicode char U+00EE (decimal 238)
   defining Unicode char U+00EF (decimal 239)
   defining Unicode char U+00F0 (decimal 240)
   defining Unicode char U+00F1 (decimal 241)
   defining Unicode char U+00F2 (decimal 242)
   defining Unicode char U+00F3 (decimal 243)
   defining Unicode char U+00F4 (decimal 244)
   defining Unicode char U+00F5 (decimal 245)
   defining Unicode char U+00F6 (decimal 246)
   defining Unicode char U+00F8 (decimal 248)
   defining Unicode char U+00F9 (decimal 249)
   defining Unicode char U+00FA (decimal 250)
   defining Unicode char U+00FB (decimal 251)
   defining Unicode char U+00FC (decimal 252)
   defining Unicode char U+00FD (decimal 253)
   defining Unicode char U+00FE (decimal 254)
   defining Unicode char U+00FF (decimal 255)
   defining Unicode char U+0100 (decimal 256)
   defining Unicode char U+0101 (decimal 257)
   defining Unicode char U+0102 (decimal 258)
   defining Unicode char U+0103 (decimal 259)
   defining Unicode char U+0104 (decimal 260)
   defining Unicode char U+0105 (decimal 261)
   defining Unicode char U+0106 (decimal 262)
   defining Unicode char U+0107 (decimal 263)
   defining Unicode char U+0108 (decimal 264)
   defining Unicode char U+0109 (decimal 265)
   defining Unicode char U+010A (decimal 266)
   defining Unicode char U+010B (decimal 267)
   defining Unicode char U+010C (decimal 268)
   defining Unicode char U+010D (decimal 269)
   defining Unicode char U+010E (decimal 270)
   defining Unicode char U+010F (decimal 271)
   defining Unicode char U+0110 (decimal 272)
   defining Unicode char U+0111 (decimal 273)
   defining Unicode char U+0112 (decimal 274)
   defining Unicode char U+0113 (decimal 275)
   defining Unicode char U+0114 (decimal 276)
   defining Unicode char U+0115 (decimal 277)
   defining Unicode char U+0116 (decimal 278)
   defining Unicode char U+0117 (decimal 279)
   defining Unicode char U+0118 (decimal 280)
   defining Unicode char U+0119 (decimal 281)
   defining Unicode char U+011A (decimal 282)
   defining Unicode char U+011B (decimal 283)
   defining Unicode char U+011C (decimal 284)
   defining Unicode char U+011D (decimal 285)
   defining Unicode char U+011E (decimal 286)
   defining Unicode char U+011F (decimal 287)
   defining Unicode char U+0120 (decimal 288)
   defining Unicode char U+0121 (decimal 289)
   defining Unicode char U+0122 (decimal 290)
   defining Unicode char U+0123 (decimal 291)
   defining Unicode char U+0124 (decimal 292)
   defining Unicode char U+0125 (decimal 293)
   defining Unicode char U+0128 (decimal 296)
   defining Unicode char U+0129 (decimal 297)
   defining Unicode char U+012A (decimal 298)
   defining Unicode char U+012B (decimal 299)
   defining Unicode char U+012C (decimal 300)
   defining Unicode char U+012D (decimal 301)
   defining Unicode char U+012E (decimal 302)
   defining Unicode char U+012F (decimal 303)
   defining Unicode char U+0130 (decimal 304)
   defining Unicode char U+0131 (decimal 305)
   defining Unicode char U+0132 (decimal 306)
   defining Unicode char U+0133 (decimal 307)
   defining Unicode char U+0134 (decimal 308)
   defining Unicode char U+0135 (decimal 309)
   defining Unicode char U+0136 (decimal 310)
   defining Unicode char U+0137 (decimal 311)
   defining Unicode char U+0139 (decimal 313)
   defining Unicode char U+013A (decimal 314)
   defining Unicode char U+013B (decimal 315)
   defining Unicode char U+013C (decimal 316)
   defining Unicode char U+013D (decimal 317)
   defining Unicode char U+013E (decimal 318)
   defining Unicode char U+0141 (decimal 321)
   defining Unicode char U+0142 (decimal 322)
   defining Unicode char U+0143 (decimal 323)
   defining Unicode char U+0144 (decimal 324)
   defining Unicode char U+0145 (decimal 325)
   defining Unicode char U+0146 (decimal 326)
   defining Unicode char U+0147 (decimal 327)
   defining Unicode char U+0148 (decimal 328)
   defining Unicode char U+014A (decimal 330)
   defining Unicode char U+014B (decimal 331)
   defining Unicode char U+014C (decimal 332)
   defining Unicode char U+014D (decimal 333)
   defining Unicode char U+014E (decimal 334)
   defining Unicode char U+014F (decimal 335)
   defining Unicode char U+0150 (decimal 336)
   defining Unicode char U+0151 (decimal 337)
   defining Unicode char U+0152 (decimal 338)
   defining Unicode char U+0153 (decimal 339)
   defining Unicode char U+0154 (decimal 340)
   defining Unicode char U+0155 (decimal 341)
   defining Unicode char U+0156 (decimal 342)
   defining Unicode char U+0157 (decimal 343)
   defining Unicode char U+0158 (decimal 344)
   defining Unicode char U+0159 (decimal 345)
   defining Unicode char U+015A (decimal 346)
   defining Unicode char U+015B (decimal 347)
   defining Unicode char U+015C (decimal 348)
   defining Unicode char U+015D (decimal 349)
   defining Unicode char U+015E (decimal 350)
   defining Unicode char U+015F (decimal 351)
   defining Unicode char U+0160 (decimal 352)
   defining Unicode char U+0161 (decimal 353)
   defining Unicode char U+0162 (decimal 354)
   defining Unicode char U+0163 (decimal 355)
   defining Unicode char U+0164 (decimal 356)
   defining Unicode char U+0165 (decimal 357)
   defining Unicode char U+0168 (decimal 360)
   defining Unicode char U+0169 (decimal 361)
   defining Unicode char U+016A (decimal 362)
   defining Unicode char U+016B (decimal 363)
   defining Unicode char U+016C (decimal 364)
   defining Unicode char U+016D (decimal 365)
   defining Unicode char U+016E (decimal 366)
   defining Unicode char U+016F (decimal 367)
   defining Unicode char U+0170 (decimal 368)
   defining Unicode char U+0171 (decimal 369)
   defining Unicode char U+0172 (decimal 370)
   defining Unicode char U+0173 (decimal 371)
   defining Unicode char U+0174 (decimal 372)
   defining Unicode char U+0175 (decimal 373)
   defining Unicode char U+0176 (decimal 374)
   defining Unicode char U+0177 (decimal 375)
   defining Unicode char U+0178 (decimal 376)
   defining Unicode char U+0179 (decimal 377)
   defining Unicode char U+017A (decimal 378)
   defining Unicode char U+017B (decimal 379)
   defining Unicode char U+017C (decimal 380)
   defining Unicode char U+017D (decimal 381)
   defining Unicode char U+017E (decimal 382)
   defining Unicode char U+01CD (decimal 461)
   defining Unicode char U+01CE (decimal 462)
   defining Unicode char U+01CF (decimal 463)
   defining Unicode char U+01D0 (decimal 464)
   defining Unicode char U+01D1 (decimal 465)
   defining Unicode char U+01D2 (decimal 466)
   defining Unicode char U+01D3 (decimal 467)
   defining Unicode char U+01D4 (decimal 468)
   defining Unicode char U+01E2 (decimal 482)
   defining Unicode char U+01E3 (decimal 483)
   defining Unicode char U+01E6 (decimal 486)
   defining Unicode char U+01E7 (decimal 487)
   defining Unicode char U+01E8 (decimal 488)
   defining Unicode char U+01E9 (decimal 489)
   defining Unicode char U+01EA (decimal 490)
   defining Unicode char U+01EB (decimal 491)
   defining Unicode char U+01F0 (decimal 496)
   defining Unicode char U+01F4 (decimal 500)
   defining Unicode char U+01F5 (decimal 501)
   defining Unicode char U+0218 (decimal 536)
   defining Unicode char U+0219 (decimal 537)
   defining Unicode char U+021A (decimal 538)
   defining Unicode char U+021B (decimal 539)
   defining Unicode char U+0232 (decimal 562)
   defining Unicode char U+0233 (decimal 563)
   defining Unicode char U+1E02 (decimal 7682)
   defining Unicode char U+1E03 (decimal 7683)
   defining Unicode char U+200C (decimal 8204)
   defining Unicode char U+2010 (decimal 8208)
   defining Unicode char U+2011 (decimal 8209)
   defining Unicode char U+2012 (decimal 8210)
   defining Unicode char U+2013 (decimal 8211)
   defining Unicode char U+2014 (decimal 8212)
   defining Unicode char U+2015 (decimal 8213)
   defining Unicode char U+2018 (decimal 8216)
   defining Unicode char U+2019 (decimal 8217)
   defining Unicode char U+201A (decimal 8218)
   defining Unicode char U+201C (decimal 8220)
   defining Unicode char U+201D (decimal 8221)
   defining Unicode char U+201E (decimal 8222)
   defining Unicode char U+2030 (decimal 8240)
   defining Unicode char U+2031 (decimal 8241)
   defining Unicode char U+2039 (decimal 8249)
   defining Unicode char U+203A (decimal 8250)
   defining Unicode char U+2423 (decimal 9251)
   defining Unicode char U+1E20 (decimal 7712)
   defining Unicode char U+1E21 (decimal 7713)
)
Now handling font encoding OT1 ...
... processing UTF-8 mapping file for font encoding OT1
 (/usr/share/texlive/texmf-dist/tex/latex/base/ot1enc.dfu
File: ot1enc.dfu 2017/01/28 v1.1t UTF-8 support for inputenc
   defining Unicode char U+00A0 (decimal 160)
   defining Unicode char U+00A1 (decimal 161)
   defining Unicode char U+00A3 (decimal 163)
   defining Unicode char U+00AD (decimal 173)
   defining Unicode char U+00B8 (decimal 184)
   defining Unicode char U+00BF (decimal 191)
   defining Unicode char U+00C5 (decimal 197)
   defining Unicode char U+00C6 (decimal 198)
   defining Unicode char U+00D8 (decimal 216)
   defining Unicode char U+00DF (decimal 223)
   defining Unicode char U+00E6 (decimal 230)
   defining Unicode char U+00EC (decimal 236)
   defining Unicode char U+00ED (decimal 237)
   defining Unicode char U+00EE (decimal 238)
   defining Unicode char U+00EF (decimal 239)
   defining Unicode char U+00F8 (decimal 248)
   defining Unicode char U+0131 (decimal 305)
   defining Unicode char U+0141 (decimal 321)
   defining Unicode char U+0142 (decimal 322)
   defining Unicode char U+0152 (decimal 338)
   defining Unicode char U+0153 (decimal 339)
   defining Unicode char U+0174 (decimal 372)
   defining Unicode char U+0175 (decimal 373)
   defining Unicode char U+0176 (decimal 374)
   defining Unicode char U+0177 (decimal 375)
   defining Unicode char U+0218 (decimal 536)
   defining Unicode char U+0219 (decimal 537)
   defining Unicode char U+021A (decimal 538)
   defining Unicode char U+021B (decimal 539)
   defining Unicode char U+2013 (decimal 8211)
   defining Unicode char U+2014 (decimal 8212)
   defining Unicode char U+2018 (decimal 8216)
   defining Unicode char U+2019 (decimal 8217)
   defining Unicode char U+201C (decimal 8220)
   defining Unicode char U+201D (decimal 8221)
)
Now handling font encoding OMS ...
... processing UTF-8 mapping file for font encoding OMS
 (/usr/share/texlive/texmf-dist/tex/latex/base/omsenc.dfu
File: omsenc.dfu 2017/01/28 v1.1t UTF-8 support for inputenc
   defining Unicode char U+00A7 (decimal 167)
   defining Unicode char U+00B6 (decimal 182)
   defining Unicode char U+00B7 (decimal 183)
   defining Unicode char U+2020 (decimal 8224)
   defining Unicode char U+2021 (decimal 8225)
   defining Unicode char U+2022 (decimal 8226)
)
Now handling font encoding OMX ...
... no UTF-8 mapping file for font encoding OMX
Now handling font encoding U ...
... no UTF-8 mapping file for font encoding U
   defining Unicode char U+00A9 (decimal 169)
   defining Unicode char U+00AA (decimal 170)
   defining Unicode char U+00AE (decimal 174)
   defining Unicode char U+00BA (decimal 186)
   defining Unicode char U+02C6 (decimal 710)
   defining Unicode char U+02DC (decimal 732)
   defining Unicode char U+200C (decimal 8204)
   defining Unicode char U+2026 (decimal 8230)
   defining Unicode char U+2122 (decimal 8482)
   defining Unicode char U+2423 (decimal 9251)
)) (/usr/share/texlive/texmf-dist/tex/generic/babel/babel.sty
Package: babel 2018/02/14 3.18 The Babel package
 (/usr/share/texlive/texmf-dist/tex/generic/babel/switch.def
File: switch.def 2018/02/14 3.18 Babel switching mechanism
) (/usr/share/texlive/texmf-dist/tex/generic/babel-spanish/spanish.ldf
Language: spanish.ldf 2016/03/03 v5.0p Spanish support from the babel system
 (/usr/share/texlive/texmf-dist/tex/generic/babel/babel.def
File: babel.def 2018/02/14 3.18 Babel common definitions
\babel@savecnt=\count88
\U@D=\dimen103
 (/usr/share/texlive/texmf-dist/tex/generic/babel/txtbabel.def)
\bbl@dirlevel=\count89
)
\es@quottoks=\toks16
\es@quotdepth=\count90
Package babel Info: Making " an active character on input line 561.
Package babel Info: Making . an active character on input line 662.
Package babel Info: Making < an active character on input line 707.
Package babel Info: Making > an active character on input line 707.
)) (/usr/share/texlive/texmf-dist/tex/latex/graphics/graphicx.sty
Package: graphicx 2017/06/01 v1.1a Enhanced LaTeX Graphics (DPC,SPQR)
 (/usr/share/texlive/texmf-dist/tex/latex/graphics/keyval.sty
Package: keyval 2014/10/28 v1.15 key=value parser (DPC)
\KV@toks@=\toks17
) (/usr/share/texlive/texmf-dist/tex/latex/graphics/graphics.sty
Package: graphics 2017/06/25 v1.2c Standard LaTeX Graphics (DPC,SPQR)
 (/usr/share/texlive/texmf-dist/tex/latex/graphics/trig.sty
Package: trig 2016/01/03 v1.10 sin cos tan (DPC)
) (/usr/share/texlive/texmf-dist/tex/latex/graphics-cfg/graphics.cfg
File: graphics.cfg 2016/06/04 v1.11 sample graphics configuration
)
Package graphics Info: Driver file: pdftex.def on input line 99.
 (/usr/share/texlive/texmf-dist/tex/latex/graphics-def/pdftex.def
File: pdftex.def 2018/01/08 v1.0l Graphics/color driver for pdftex
))
\Gin@req@height=\dimen104
\Gin@req@width=\dimen105
) (/usr/share/texlive/texmf-dist/tex/latex/lipsum/lipsum.sty
Package: lipsum 2014/07/27 v1.3 150 paragraphs of Lorem Ipsum dummy text
\c@lips@count=\count91
) (/usr/share/texlive/texmf-dist/tex/latex/tools/afterpage.sty
Package: afterpage 2014/10/28 v1.08 After-Page Package (DPC)
\AP@output=\toks18
\AP@partial=\box26
\AP@footins=\box27
) (/usr/share/texlive/texmf-dist/tex/latex/caption/caption.sty
Package: caption 2016/02/21 v3.3-144 Customizing captions (AR)
 (/usr/share/texlive/texmf-dist/tex/latex/caption/caption3.sty
Package: caption3 2016/05/22 v1.7-166 caption3 kernel (AR)
Package caption3 Info: TeX engine: e-TeX on input line 67.
\captionmargin=\dimen106
\captionmargin@=\dimen107
\captionwidth=\dimen108
\caption@tempdima=\dimen109
\caption@indent=\dimen110
\caption@parindent=\dimen111
\caption@hangindent=\dimen112
)
\c@ContinuedFloat=\count92
) (/usr/share/texlive/texmf-dist/tex/latex/geometry/geometry.sty
Package: geometry 2010/09/12 v5.6 Page Geometry
 (/usr/share/texlive/texmf-dist/tex/generic/oberdiek/ifpdf.sty
Package: ifpdf 2017/03/15 v3.2 Provides the ifpdf switch
) (/usr/share/texlive/texmf-dist/tex/generic/oberdiek/ifvtex.sty
Package: ifvtex 2016/05/16 v1.6 Detect VTeX and its facilities (HO)
Package ifvtex Info: VTeX not detected.
) (/usr/share/texlive/texmf-dist/tex/generic/ifxetex/ifxetex.sty
Package: ifxetex 2010/09/12 v0.6 Provides ifxetex conditional
)
\Gm@cnth=\count93
\Gm@cntv=\count94
\c@Gm@tempcnt=\count95
\Gm@bindingoffset=\dimen113
\Gm@wd@mp=\dimen114
\Gm@odd@mp=\dimen115
\Gm@even@mp=\dimen116
\Gm@layoutwidth=\dimen117
\Gm@layoutheight=\dimen118
\Gm@layouthoffset=\dimen119
\Gm@layoutvoffset=\dimen120
\Gm@dimlist=\toks19
) (/usr/share/texlive/texmf-dist/tex/latex/psnfss/mathptmx.sty
Package: mathptmx 2005/04/12 PSNFSS-v9.2a Times w/ Math, improved (SPQR, WaS) 
LaTeX Font Info:    Redeclaring symbol font `operators' on input line 28.
LaTeX Font Info:    Overwriting symbol font `operators' in version `normal'
(Font)                  OT1/cmr/m/n --> OT1/ztmcm/m/n on input line 28.
LaTeX Font Info:    Overwriting symbol font `operators' in version `bold'
(Font)                  OT1/cmr/bx/n --> OT1/ztmcm/m/n on input line 28.
LaTeX Font Info:    Redeclaring symbol font `letters' on input line 29.
LaTeX Font Info:    Overwriting symbol font `letters' in version `normal'
(Font)                  OML/cmm/m/it --> OML/ztmcm/m/it on input line 29.
LaTeX Font Info:    Overwriting symbol font `letters' in version `bold'
(Font)                  OML/cmm/b/it --> OML/ztmcm/m/it on input line 29.
LaTeX Font Info:    Redeclaring symbol font `symbols' on input line 30.
LaTeX Font Info:    Overwriting symbol font `symbols' in version `normal'
(Font)                  OMS/cmsy/m/n --> OMS/ztmcm/m/n on input line 30.
LaTeX Font Info:    Overwriting symbol font `symbols' in version `bold'
(Font)                  OMS/cmsy/b/n --> OMS/ztmcm/m/n on input line 30.
LaTeX Font Info:    Redeclaring symbol font `largesymbols' on input line 31.
LaTeX Font Info:    Overwriting symbol font `largesymbols' in version `normal'
(Font)                  OMX/cmex/m/n --> OMX/ztmcm/m/n on input line 31.
LaTeX Font Info:    Overwriting symbol font `largesymbols' in version `bold'
(Font)                  OMX/cmex/m/n --> OMX/ztmcm/m/n on input line 31.
\symbold=\mathgroup4
\symitalic=\mathgroup5
LaTeX Font Info:    Redeclaring math alphabet \mathbf on input line 34.
LaTeX Font Info:    Overwriting math alphabet `\mathbf' in version `normal'
(Font)                  OT1/cmr/bx/n --> OT1/ptm/bx/n on input line 34.
LaTeX Font Info:    Overwriting math alphabet `\mathbf' in version `bold'
(Font)                  OT1/cmr/bx/n --> OT1/ptm/bx/n on input line 34.
LaTeX Font Info:    Redeclaring math alphabet \mathit on input line 35.
LaTeX Font Info:    Overwriting math alphabet `\mathit' in version `normal'
(Font)                  OT1/cmr/m/it --> OT1/ptm/m/it on input line 35.
LaTeX Font Info:    Overwriting math alphabet `\mathit' in version `bold'
(Font)                  OT1/cmr/bx/it --> OT1/ptm/m/it on input line 35.
LaTeX Info: Redefining \hbar on input line 50.
) (/usr/share/texlive/texmf-dist/tex/latex/blindtext/blindtext.sty
Package: blindtext 2012/01/06 V2.0 blindtext-Package
 (/usr/share/texlive/texmf-dist/tex/latex/tools/xspace.sty
Package: xspace 2014/10/28 v1.13 Space after command names (DPC,MH)
)
\c@blindtext=\count96
\c@Blindtext=\count97
\c@blind@countparstart=\count98
\blind@countxx=\count99
\blindtext@numBlindtext=\count100
\blind@countyy=\count101
\c@blindlist=\count102
\c@blindlistlevel=\count103
\c@blindlist@level=\count104
\blind@listitem=\count105
\c@blind@listcount=\count106
\c@blind@levelcount=\count107
\blind@mathformula=\count108
\blind@Mathformula=\count109
\c@blind@randomcount=\count110
\c@blind@randommax=\count111
\c@blind@pangramcount=\count112
\c@blind@pangrammax=\count113
) (/usr/share/texlive/texmf-dist/tex/latex/fncychap/fncychap.sty
Package: fncychap 2007/07/30 v1.34 LaTeX package (Revised chapters)
\RW=\skip43
\mylen=\skip44
\myhi=\skip45
\px=\skip46
\py=\skip47
\pyy=\skip48
\pxx=\skip49
\backskip=\skip50
) (/usr/share/texlive/texmf-dist/tex/latex/amsfonts/amssymb.sty
Package: amssymb 2013/01/14 v3.01 AMS font symbols
 (/usr/share/texlive/texmf-dist/tex/latex/amsfonts/amsfonts.sty
Package: amsfonts 2013/01/14 v3.01 Basic AMSFonts support
\@emptytoks=\toks20
\symAMSa=\mathgroup6
\symAMSb=\mathgroup7
LaTeX Font Info:    Overwriting math alphabet `\mathfrak' in version `bold'
(Font)                  U/euf/m/n --> U/euf/b/n on input line 106.
)) (/usr/share/texlive/texmf-dist/tex/latex/amsmath/amsmath.sty
Package: amsmath 2017/09/02 v2.17a AMS math features
\@mathmargin=\skip51

For additional information on amsmath, use the `?' option.
(/usr/share/texlive/texmf-dist/tex/latex/amsmath/amstext.sty
Package: amstext 2000/06/29 v2.01 AMS text
 (/usr/share/texlive/texmf-dist/tex/latex/amsmath/amsgen.sty
File: amsgen.sty 1999/11/30 v2.0 generic functions
\@emptytoks=\toks21
\ex@=\dimen121
)) (/usr/share/texlive/texmf-dist/tex/latex/amsmath/amsbsy.sty
Package: amsbsy 1999/11/29 v1.2d Bold Symbols
\pmbraise@=\dimen122
) (/usr/share/texlive/texmf-dist/tex/latex/amsmath/amsopn.sty
Package: amsopn 2016/03/08 v2.02 operator names
)
\inf@bad=\count114
LaTeX Info: Redefining \frac on input line 213.
\uproot@=\count115
\leftroot@=\count116
LaTeX Info: Redefining \overline on input line 375.
\classnum@=\count117
\DOTSCASE@=\count118
LaTeX Info: Redefining \ldots on input line 472.
LaTeX Info: Redefining \dots on input line 475.
LaTeX Info: Redefining \cdots on input line 596.
\Mathstrutbox@=\box28
\strutbox@=\box29
\big@size=\dimen123
LaTeX Font Info:    Redeclaring font encoding OML on input line 712.
LaTeX Font Info:    Redeclaring font encoding OMS on input line 713.
\macc@depth=\count119
\c@MaxMatrixCols=\count120
\dotsspace@=\muskip10
\c@parentequation=\count121
\dspbrk@lvl=\count122
\tag@help=\toks22
\row@=\count123
\column@=\count124
\maxfields@=\count125
\andhelp@=\toks23
\eqnshift@=\dimen124
\alignsep@=\dimen125
\tagshift@=\dimen126
\tagwidth@=\dimen127
\totwidth@=\dimen128
\lineht@=\dimen129
\@envbody=\toks24
\multlinegap=\skip52
\multlinetaggap=\skip53
\mathdisplay@stack=\toks25
LaTeX Info: Redefining \[ on input line 2817.
LaTeX Info: Redefining \] on input line 2818.
) (/usr/share/texlive/texmf-dist/tex/latex/listings/listings.sty
\lst@mode=\count126
\lst@gtempboxa=\box30
\lst@token=\toks26
\lst@length=\count127
\lst@currlwidth=\dimen130
\lst@column=\count128
\lst@pos=\count129
\lst@lostspace=\dimen131
\lst@width=\dimen132
\lst@newlines=\count130
\lst@lineno=\count131
\lst@maxwidth=\dimen133
 (/usr/share/texlive/texmf-dist/tex/latex/listings/lstmisc.sty
File: lstmisc.sty 2015/06/04 1.6 (Carsten Heinz)
\c@lstnumber=\count132
\lst@skipnumbers=\count133
\lst@framebox=\box31
) (/usr/share/texlive/texmf-dist/tex/latex/listings/listings.cfg
File: listings.cfg 2015/06/04 1.6 listings configuration
))
Package: listings 2015/06/04 1.6 (Carsten Heinz)
 (/usr/share/texlive/texmf-dist/tex/latex/emptypage/emptypage.sty
Package: emptypage 2010/05/30 v1.2 Suppress page numbers and headings on empty pages
) (/usr/share/texlive/texmf-dist/tex/latex/wrapfig/wrapfig.sty
\wrapoverhang=\dimen134
\WF@size=\dimen135
\c@WF@wrappedlines=\count134
\WF@box=\box32
\WF@everypar=\toks27
Package: wrapfig 2003/01/31  v 3.6
) (/usr/share/texlive/texmf-dist/tex/latex/base/makeidx.sty
Package: makeidx 2014/09/29 v1.0m Standard LaTeX package
) (/usr/share/texlive/texmf-dist/tex/generic/mathdots/mathdots.sty
Package: mathdots 2014/06/11 v0.9 Improve and add various macros for dots in math.
\MDo@unit=\dimen136
\MDo@dotsbox=\box33
\MDoprekern=\muskip11
\MDopostkern=\muskip12
\MDodotkern=\muskip13
) (/usr/share/texlive/texmf-dist/tex/latex/jknapltx/mathrsfs.sty
Package: mathrsfs 1996/01/01 Math RSFS package v1.0 (jk)
\symrsfs=\mathgroup8
) (/usr/share/texlive/texmf-dist/tex/latex/amsfonts/eucal.sty
Package: eucal 2009/06/22 v3.00 Euler Script fonts
LaTeX Font Info:    Overwriting math alphabet `\EuScript' in version `bold'
(Font)                  U/eus/m/n --> U/eus/b/n on input line 33.
) (/usr/share/texlive/texmf-dist/tex/latex/float/float.sty
Package: float 2001/11/08 v1.3d Float enhancements (AL)
\c@float@type=\count135
\float@exts=\toks28
\float@box=\box34
\@float@everytoks=\toks29
\@floatcapt=\box35
) (/usr/share/texlive/texmf-dist/tex/latex/graphics/color.sty
Package: color 2016/07/10 v1.1e Standard LaTeX Color (DPC)
 (/usr/share/texlive/texmf-dist/tex/latex/graphics-cfg/color.cfg
File: color.cfg 2016/01/02 v1.6 sample color configuration
)
Package color Info: Driver file: pdftex.def on input line 147.
) (/usr/share/texlive/texmf-dist/tex/latex/footmisc/footmisc.sty
Package: footmisc 2011/06/06 v5.5b a miscellany of footnote facilities
\FN@temptoken=\toks30
\footnotemargin=\dimen137
\c@pp@next@reset=\count136
\c@@fnserial=\count137
Package footmisc Info: Declaring symbol style bringhurst on input line 855.
Package footmisc Info: Declaring symbol style chicago on input line 863.
Package footmisc Info: Declaring symbol style wiley on input line 872.
Package footmisc Info: Declaring symbol style lamport-robust on input line 883.
Package footmisc Info: Declaring symbol style lamport* on input line 903.
Package footmisc Info: Declaring symbol style lamport*-robust on input line 924.
) (/usr/share/texlive/texmf-dist/tex/latex/base/ifthen.sty
Package: ifthen 2014/09/29 v1.1c Standard LaTeX ifthen package (DPC)
) (/usr/share/texlive/texmf-dist/tex/latex/cite/cite.sty
LaTeX Info: Redefining \cite on input line 302.
LaTeX Info: Redefining \nocite on input line 332.
Package: cite 2015/02/27  v 5.5
) (/usr/share/texlive/texmf-dist/tex/latex/tools/multicol.sty
Package: multicol 2017/04/11 v1.8q multicolumn formatting (FMi)
\c@tracingmulticols=\count138
\mult@box=\box36
\multicol@leftmargin=\dimen138
\c@unbalance=\count139
\c@collectmore=\count140
\doublecol@number=\count141
\multicoltolerance=\count142
\multicolpretolerance=\count143
\full@width=\dimen139
\page@free=\dimen140
\premulticols=\dimen141
\postmulticols=\dimen142
\multicolsep=\skip54
\multicolbaselineskip=\skip55
\partial@page=\box37
\last@line=\box38
\maxbalancingoverflow=\dimen143
\mult@rightbox=\box39
\mult@grightbox=\box40
\mult@gfirstbox=\box41
\mult@firstbox=\box42
\@tempa=\box43
\@tempa=\box44
\@tempa=\box45
\@tempa=\box46
\@tempa=\box47
\@tempa=\box48
\@tempa=\box49
\@tempa=\box50
\@tempa=\box51
\@tempa=\box52
\@tempa=\box53
\@tempa=\box54
\@tempa=\box55
\@tempa=\box56
\@tempa=\box57
\@tempa=\box58
\@tempa=\box59
\c@columnbadness=\count144
\c@finalcolumnbadness=\count145
\last@try=\dimen144
\multicolovershoot=\dimen145
\multicolundershoot=\dimen146
\mult@nat@firstbox=\box60
\colbreak@box=\box61
\mc@col@check@num=\count146
) (/usr/share/texlive/texmf-dist/tex/latex/tocbibind/tocbibind.sty
Package: tocbibind 2010/10/13 v1.5k extra ToC listings
Package tocbibind Info: The document has chapter divisions on input line 50.


Package tocbibind Note: Using chapter style headings, unless overridden.

) (/usr/share/texlive/texmf-dist/tex/latex/algorithmicx/algpseudocode.sty
Package: algpseudocode 
 (/usr/share/texlive/texmf-dist/tex/latex/algorithmicx/algorithmicx.sty
Package: algorithmicx 2005/04/27 v1.2 Algorithmicx

Document Style algorithmicx 1.2 - a greatly improved `algorithmic' style
\c@ALG@line=\count147
\c@ALG@rem=\count148
\c@ALG@nested=\count149
\ALG@tlm=\skip56
\ALG@thistlm=\skip57
\c@ALG@Lnr=\count150
\c@ALG@blocknr=\count151
\c@ALG@storecount=\count152
\c@ALG@tmpcounter=\count153
\ALG@tmplength=\skip58
)
Document Style - pseudocode environments for use with the `algorithmicx' style
) (/usr/share/texlive/texmf-dist/tex/latex/algorithms/algorithm.sty
Package: algorithm 2009/08/24 v0.1 Document Style `algorithm' - floating environment
\@float@every@algorithm=\toks31
\c@algorithm=\count154
) (/home/marco/Tesis/Tesis/Tesis.aux (/home/marco/Tesis/Tesis/Portada/Portada.aux)
LaTeX Info: Redefining \. on input line 7.
LaTeX Info: Redefining \% on input line 7.
 (/home/marco/Tesis/Tesis/Agradecimientos/Dedicatoria.aux) (/home/marco/Tesis/Tesis/Agradecimientos/Agradecimientos.aux) (/home/marco/Tesis/Tesis/Capitulo1/Introduccion.aux

LaTeX Warning: Label `Fig1' multiply defined.

) (/home/marco/Tesis/Tesis/Capitulo2/Marco_Teorico.aux

LaTeX Warning: Label `Fig1' multiply defined.


LaTeX Warning: Label `Fig1_7' multiply defined.


LaTeX Warning: Label `Fig1_7' multiply defined.


LaTeX Warning: Label `Fig1_10' multiply defined.


LaTeX Warning: Label `Fig2' multiply defined.


LaTeX Warning: Label `Fig3' multiply defined.


LaTeX Warning: Label `Fig4' multiply defined.

) (/home/marco/Tesis/Tesis/Capitulo3/Modelo_Matematico.aux) (/home/marco/Tesis/Tesis/Capitulo4/Vision_Artificial.aux

LaTeX Warning: Label `Fig1' multiply defined.


LaTeX Warning: Label `Fig1' multiply defined.


LaTeX Warning: Label `Fig1' multiply defined.


LaTeX Warning: Label `Fig6' multiply defined.


LaTeX Warning: Label `Fig6' multiply defined.

) (/home/marco/Tesis/Tesis/ApendiceA/ApendiceA.aux) (/home/marco/Tesis/Tesis/ApendiceB/ApendiceB.aux

LaTeX Warning: Label `Fig5' multiply defined.

))
\openout1 = `Tesis.aux'.

LaTeX Font Info:    Checking defaults for OML/cmm/m/it on input line 91.
LaTeX Font Info:    ... okay on input line 91.
LaTeX Font Info:    Checking defaults for T1/cmr/m/n on input line 91.
LaTeX Font Info:    ... okay on input line 91.
LaTeX Font Info:    Checking defaults for OT1/cmr/m/n on input line 91.
LaTeX Font Info:    ... okay on input line 91.
LaTeX Font Info:    Checking defaults for OMS/cmsy/m/n on input line 91.
LaTeX Font Info:    ... okay on input line 91.
LaTeX Font Info:    Checking defaults for OMX/cmex/m/n on input line 91.
LaTeX Font Info:    ... okay on input line 91.
LaTeX Font Info:    Checking defaults for U/cmr/m/n on input line 91.
LaTeX Font Info:    ... okay on input line 91.
LaTeX Font Info:    Try loading font information for OT1+ptm on input line 91.
 (/usr/share/texlive/texmf-dist/tex/latex/psnfss/ot1ptm.fd
File: ot1ptm.fd 2001/06/04 font definitions for OT1/ptm.
)
LaTeX Info: Redefining \. on input line 91.
LaTeX Info: Redefining \% on input line 91.
 (/usr/share/texlive/texmf-dist/tex/context/base/mkii/supp-pdf.mkii
[Loading MPS to PDF converter (version 2006.09.02).]
\scratchcounter=\count155
\scratchdimen=\dimen147
\scratchbox=\box62
\nofMPsegments=\count156
\nofMParguments=\count157
\everyMPshowfont=\toks32
\MPscratchCnt=\count158
\MPscratchDim=\dimen148
\MPnumerator=\count159
\makeMPintoPDFobject=\count160
\everyMPtoPDFconversion=\toks33
) (/usr/share/texlive/texmf-dist/tex/latex/oberdiek/epstopdf-base.sty
Package: epstopdf-base 2016/05/15 v2.6 Base part for package epstopdf
 (/usr/share/texlive/texmf-dist/tex/generic/oberdiek/infwarerr.sty
Package: infwarerr 2016/05/16 v1.4 Providing info/warning/error messages (HO)
) (/usr/share/texlive/texmf-dist/tex/latex/oberdiek/grfext.sty
Package: grfext 2016/05/16 v1.2 Manage graphics extensions (HO)
 (/usr/share/texlive/texmf-dist/tex/generic/oberdiek/kvdefinekeys.sty
Package: kvdefinekeys 2016/05/16 v1.4 Define keys (HO)
 (/usr/share/texlive/texmf-dist/tex/generic/oberdiek/ltxcmds.sty
Package: ltxcmds 2016/05/16 v1.23 LaTeX kernel commands for general use (HO)
))) (/usr/share/texlive/texmf-dist/tex/latex/oberdiek/kvoptions.sty
Package: kvoptions 2016/05/16 v3.12 Key value format for package options (HO)
 (/usr/share/texlive/texmf-dist/tex/generic/oberdiek/kvsetkeys.sty
Package: kvsetkeys 2016/05/16 v1.17 Key value parser (HO)
 (/usr/share/texlive/texmf-dist/tex/generic/oberdiek/etexcmds.sty
Package: etexcmds 2016/05/16 v1.6 Avoid name clashes with e-TeX commands (HO)
 (/usr/share/texlive/texmf-dist/tex/generic/oberdiek/ifluatex.sty
Package: ifluatex 2016/05/16 v1.4 Provides the ifluatex switch (HO)
Package ifluatex Info: LuaTeX not detected.
)
Package etexcmds Info: Could not find \expanded.
(etexcmds)             That can mean that you are not using pdfTeX 1.50 or
(etexcmds)             that some package has redefined \expanded.
(etexcmds)             In the latter case, load this package earlier.
))) (/usr/share/texlive/texmf-dist/tex/generic/oberdiek/pdftexcmds.sty
Package: pdftexcmds 2018/01/21 v0.26 Utility functions of pdfTeX for LuaTeX (HO)
Package pdftexcmds Info: LuaTeX not detected.
Package pdftexcmds Info: \pdf@primitive is available.
Package pdftexcmds Info: \pdf@ifprimitive is available.
Package pdftexcmds Info: \pdfdraftmode found.
)
Package epstopdf-base Info: Redefining graphics rule for `.eps' on input line 438.
Package grfext Info: Graphics extension search list:
(grfext)             [.pdf,.png,.jpg,.mps,.jpeg,.jbig2,.jb2,.PDF,.PNG,.JPG,.JPEG,.JBIG2,.JB2,.eps]
(grfext)             \AppendGraphicsExtensions on input line 456.
 (/usr/share/texlive/texmf-dist/tex/latex/latexconfig/epstopdf-sys.cfg
File: epstopdf-sys.cfg 2010/07/13 v1.3 Configuration of (r)epstopdf for TeX Live
))
Package caption Info: Begin \AtBeginDocument code.
Package caption Info: float package is loaded.
Package caption Info: listings package is loaded.
Package caption Info: wrapfig package is loaded.
Package caption Info: End \AtBeginDocument code.

*geometry* driver: auto-detecting
*geometry* detected driver: pdftex
*geometry* verbose mode - [ preamble ] result:
* driver: pdftex
* paper: a4paper
* layout: <same size as paper>
* layoutoffset:(h,v)=(0.0pt,0.0pt)
* modes: twoside 
* h-part:(L,W,R)=(85.35826pt, 426.79135pt, 85.35826pt)
* v-part:(T,H,B)=(85.35826pt, 674.33032pt, 85.35826pt)
* \paperwidth=597.50787pt
* \paperheight=845.04684pt
* \textwidth=426.79135pt
* \textheight=674.33032pt
* \oddsidemargin=13.08827pt
* \evensidemargin=13.08827pt
* \topmargin=-18.78552pt
* \headheight=12.0pt
* \headsep=19.8738pt
* \topskip=12.0pt
* \footskip=30.0pt
* \marginparwidth=88.0pt
* \marginparsep=7.0pt
* \columnsep=20.0pt
* \skip\footins=10.8pt plus 4.0pt minus 2.0pt
* \hoffset=0.0pt
* \voffset=0.0pt
* \mag=1000
* \@twocolumnfalse
* \@twosidetrue
* \@mparswitchtrue
* \@reversemarginfalse
* (1in=72.27pt=25.4mm, 1cm=28.453pt)

\c@lstlisting=\count161
\openout2 = `Portada/Portada.aux'.

(/home/marco/Tesis/Tesis/Portada/Portada.tex
Package epstopdf Info: Source file: <Portada/Logo.eps>
(epstopdf)                    date: 2019-12-16 22:40:09
(epstopdf)                    size: 129323 bytes
(epstopdf)             Output file: <Portada/Logo-eps-converted-to.pdf>
(epstopdf)                    date: 2019-12-16 22:40:38
(epstopdf)                    size: 122419 bytes
(epstopdf)             Command: <repstopdf --outfile=Portada/Logo-eps-converted-to.pdf Portada/Logo.eps>
(epstopdf)             \includegraphics on input line 7.
Package epstopdf Info: Output file is already uptodate.


pdfTeX warning: pdflatex (file /home/marco/Tesis/Tesis/Portada/Logo-eps-converted-to.pdf): PDF inclusion: found PDF version <1.7>, but at most version <1.5> allowed
<Portada/Logo-eps-converted-to.pdf, id=1, 756.8275pt x 317.185pt>
File: Portada/Logo-eps-converted-to.pdf Graphic file (type pdf)
<use Portada/Logo-eps-converted-to.pdf>
Package pdftex.def Info: Portada/Logo-eps-converted-to.pdf  used on input line 7.
(pdftex.def)             Requested size: 378.41283pt x 158.5921pt.
[1




{/var/lib/texmf/fonts/map/pdftex/updmap/pdftex.map} </home/marco/Tesis/Tesis/Portada/Logo-eps-converted-to.pdf>])
\openout2 = `Agradecimientos/Dedicatoria.aux'.

 (/home/marco/Tesis/Tesis/Agradecimientos/Dedicatoria.tex
LaTeX Font Info:    Font shape `OT1/ptm/bx/n' in size <12> not available
(Font)              Font shape `OT1/ptm/b/n' tried instead on input line 1.
LaTeX Font Info:    Font shape `OT1/ptm/bx/n' in size <17.28> not available
(Font)              Font shape `OT1/ptm/b/n' tried instead on input line 1.
) [2




]
\openout2 = `Agradecimientos/Agradecimientos.aux'.

 (/home/marco/Tesis/Tesis/Agradecimientos/Agradecimientos.tex) [3



] (/home/marco/Tesis/Tesis/Tesis.lof
LaTeX Info: Redefining \. on input line 1.
LaTeX Info: Redefining \% on input line 1.
LaTeX Font Info:    Try loading font information for OT1+ztmcm on input line 5.
 (/usr/share/texlive/texmf-dist/tex/latex/psnfss/ot1ztmcm.fd
File: ot1ztmcm.fd 2000/01/03 Fontinst v1.801 font definitions for OT1/ztmcm.
)
LaTeX Font Info:    Try loading font information for OML+ztmcm on input line 5.
 (/usr/share/texlive/texmf-dist/tex/latex/psnfss/omlztmcm.fd
File: omlztmcm.fd 2000/01/03 Fontinst v1.801 font definitions for OML/ztmcm.
)
LaTeX Font Info:    Try loading font information for OMS+ztmcm on input line 5.
 (/usr/share/texlive/texmf-dist/tex/latex/psnfss/omsztmcm.fd
File: omsztmcm.fd 2000/01/03 Fontinst v1.801 font definitions for OMS/ztmcm.
)
LaTeX Font Info:    Try loading font information for OMX+ztmcm on input line 5.
 (/usr/share/texlive/texmf-dist/tex/latex/psnfss/omxztmcm.fd
File: omxztmcm.fd 2000/01/03 Fontinst v1.801 font definitions for OMX/ztmcm.
)
LaTeX Font Info:    Font shape `OT1/ptm/bx/n' in size <9> not available
(Font)              Font shape `OT1/ptm/b/n' tried instead on input line 5.
LaTeX Font Info:    Font shape `OT1/ptm/bx/n' in size <7> not available
(Font)              Font shape `OT1/ptm/b/n' tried instead on input line 5.
LaTeX Font Info:    Try loading font information for U+rsfs on input line 5.
 (/usr/share/texlive/texmf-dist/tex/latex/jknapltx/ursfs.fd
File: ursfs.fd 1998/03/24 rsfs font definition file (jk)
) [4


])
\tf@lof=\write3
\openout3 = `Tesis.lof'.

LaTeX Info: Redefining \. on input line 121.
LaTeX Info: Redefining \% on input line 121.
 [5] (/home/marco/Tesis/Tesis/Tesis.lot
LaTeX Info: Redefining \. on input line 1.
LaTeX Info: Redefining \% on input line 1.
)
\tf@lot=\write4
\openout4 = `Tesis.lot'.

 [6

]
\openout2 = `Capitulo1/Introduccion.aux'.

 (/home/marco/Tesis/Tesis/Capitulo1/Introduccion.tex
Cap\'{\i }tulo 1.
Package epstopdf Info: Source file: <Capitulo1/Fig0.eps>
(epstopdf)                    date: 2020-01-30 20:32:36
(epstopdf)                    size: 44619 bytes
(epstopdf)             Output file: <Capitulo1/Fig0-eps-converted-to.pdf>
(epstopdf)                    date: 2020-01-30 20:33:21
(epstopdf)                    size: 15919 bytes
(epstopdf)             Command: <repstopdf --outfile=Capitulo1/Fig0-eps-converted-to.pdf Capitulo1/Fig0.eps>
(epstopdf)             \includegraphics on input line 38.
Package epstopdf Info: Output file is already uptodate.


pdfTeX warning: pdflatex (file /home/marco/Tesis/Tesis/Capitulo1/Fig0-eps-converted-to.pdf): PDF inclusion: found PDF version <1.7>, but at most version <1.5> allowed
<Capitulo1/Fig0-eps-converted-to.pdf, id=27, 1417.295pt x 234.8775pt>
File: Capitulo1/Fig0-eps-converted-to.pdf Graphic file (type pdf)
<use Capitulo1/Fig0-eps-converted-to.pdf>
Package pdftex.def Info: Capitulo1/Fig0-eps-converted-to.pdf  used on input line 38.
(pdftex.def)             Requested size: 362.77525pt x 60.11696pt.
[1



]
Package epstopdf Info: Source file: <Capitulo1/Fig1.eps>
(epstopdf)                    date: 2020-01-15 20:07:17
(epstopdf)                    size: 80281 bytes
(epstopdf)             Output file: <Capitulo1/Fig1-eps-converted-to.pdf>
(epstopdf)                    date: 2020-01-15 20:17:09
(epstopdf)                    size: 50728 bytes
(epstopdf)             Command: <repstopdf --outfile=Capitulo1/Fig1-eps-converted-to.pdf Capitulo1/Fig1.eps>
(epstopdf)             \includegraphics on input line 74.
Package epstopdf Info: Output file is already uptodate.


pdfTeX warning: pdflatex (file /home/marco/Tesis/Tesis/Capitulo1/Fig1-eps-converted-to.pdf): PDF inclusion: found PDF version <1.7>, but at most version <1.5> allowed
<Capitulo1/Fig1-eps-converted-to.pdf, id=34, 346.29375pt x 263.98625pt>
File: Capitulo1/Fig1-eps-converted-to.pdf Graphic file (type pdf)
<use Capitulo1/Fig1-eps-converted-to.pdf>
Package pdftex.def Info: Capitulo1/Fig1-eps-converted-to.pdf  used on input line 74.
(pdftex.def)             Requested size: 256.07741pt x 195.21785pt.
LaTeX Info: Redefining \. on input line 75.
LaTeX Info: Redefining \% on input line 75.
[2 </home/marco/Tesis/Tesis/Capitulo1/Fig0-eps-converted-to.pdf>]
Package epstopdf Info: Source file: <Capitulo1/Fig2.eps>
(epstopdf)                    date: 2020-01-15 21:49:12
(epstopdf)                    size: 423184 bytes
(epstopdf)             Output file: <Capitulo1/Fig2-eps-converted-to.pdf>
(epstopdf)                    date: 2020-01-15 21:50:06
(epstopdf)                    size: 71537 bytes
(epstopdf)             Command: <repstopdf --outfile=Capitulo1/Fig2-eps-converted-to.pdf Capitulo1/Fig2.eps>
(epstopdf)             \includegraphics on input line 94.
Package epstopdf Info: Output file is already uptodate.


pdfTeX warning: pdflatex (file /home/marco/Tesis/Tesis/Capitulo1/Fig2-eps-converted-to.pdf): PDF inclusion: found PDF version <1.7>, but at most version <1.5> allowed
<Capitulo1/Fig2-eps-converted-to.pdf, id=44, 340.27126pt x 225.84375pt>
File: Capitulo1/Fig2-eps-converted-to.pdf Graphic file (type pdf)
<use Capitulo1/Fig2-eps-converted-to.pdf>
Package pdftex.def Info: Capitulo1/Fig2-eps-converted-to.pdf  used on input line 94.
(pdftex.def)             Requested size: 256.07741pt x 169.97166pt.
LaTeX Info: Redefining \. on input line 109.
LaTeX Info: Redefining \% on input line 109.
[3 </home/marco/Tesis/Tesis/Capitulo1/Fig1-eps-converted-to.pdf> </home/marco/Tesis/Tesis/Capitulo1/Fig2-eps-converted-to.pdf>]
Package epstopdf Info: Source file: <Capitulo1/Fig3.eps>
(epstopdf)                    date: 2020-01-15 22:21:47
(epstopdf)                    size: 74551 bytes
(epstopdf)             Output file: <Capitulo1/Fig3-eps-converted-to.pdf>
(epstopdf)                    date: 2020-01-15 22:23:15
(epstopdf)                    size: 23602 bytes
(epstopdf)             Command: <repstopdf --outfile=Capitulo1/Fig3-eps-converted-to.pdf Capitulo1/Fig3.eps>
(epstopdf)             \includegraphics on input line 110.
Package epstopdf Info: Output file is already uptodate.


pdfTeX warning: pdflatex (file /home/marco/Tesis/Tesis/Capitulo1/Fig3-eps-converted-to.pdf): PDF inclusion: found PDF version <1.7>, but at most version <1.5> allowed
<Capitulo1/Fig3-eps-converted-to.pdf, id=54, 225.84375pt x 186.6975pt>
File: Capitulo1/Fig3-eps-converted-to.pdf Graphic file (type pdf)
<use Capitulo1/Fig3-eps-converted-to.pdf>
Package pdftex.def Info: Capitulo1/Fig3-eps-converted-to.pdf  used on input line 110.
(pdftex.def)             Requested size: 256.07741pt x 211.71779pt.
Package epstopdf Info: Source file: <Capitulo1/Fig4.eps>
(epstopdf)                    date: 2019-06-17 09:57:52
(epstopdf)                    size: 1107533 bytes
(epstopdf)             Output file: <Capitulo1/Fig4-eps-converted-to.pdf>
(epstopdf)                    date: 2020-01-16 19:52:58
(epstopdf)                    size: 244610 bytes
(epstopdf)             Command: <repstopdf --outfile=Capitulo1/Fig4-eps-converted-to.pdf Capitulo1/Fig4.eps>
(epstopdf)             \includegraphics on input line 130.
Package epstopdf Info: Output file is already uptodate.


pdfTeX warning: pdflatex (file /home/marco/Tesis/Tesis/Capitulo1/Fig4-eps-converted-to.pdf): PDF inclusion: found PDF version <1.7>, but at most version <1.5> allowed
<Capitulo1/Fig4-eps-converted-to.pdf, id=55, 903.375pt x 676.5275pt>
File: Capitulo1/Fig4-eps-converted-to.pdf Graphic file (type pdf)
<use Capitulo1/Fig4-eps-converted-to.pdf>
Package pdftex.def Info: Capitulo1/Fig4-eps-converted-to.pdf  used on input line 130.
(pdftex.def)             Requested size: 213.39568pt x 159.80981pt.
LaTeX Info: Redefining \. on input line 131.
LaTeX Info: Redefining \% on input line 131.
[4 </home/marco/Tesis/Tesis/Capitulo1/Fig3-eps-converted-to.pdf>])
LaTeX Info: Redefining \. on input line 127.
LaTeX Info: Redefining \% on input line 127.
 [5 </home/marco/Tesis/Tesis/Capitulo1/Fig4-eps-converted-to.pdf>]
\openout2 = `Capitulo2/Marco_Teorico.aux'.

 (/home/marco/Tesis/Tesis/Capitulo2/Marco_Teorico.tex
Cap\'{\i }tulo 2.
Package epstopdf Info: Source file: <Capitulo2/Fig1.eps>
(epstopdf)                    date: 2020-01-16 20:28:00
(epstopdf)                    size: 1334703 bytes
(epstopdf)             Output file: <Capitulo2/Fig1-eps-converted-to.pdf>
(epstopdf)                    date: 2020-01-16 20:28:47
(epstopdf)                    size: 1178217 bytes
(epstopdf)             Command: <repstopdf --outfile=Capitulo2/Fig1-eps-converted-to.pdf Capitulo2/Fig1.eps>
(epstopdf)             \includegraphics on input line 10.
Package epstopdf Info: Output file is already uptodate.


pdfTeX warning: pdflatex (file /home/marco/Tesis/Tesis/Capitulo2/Fig1-eps-converted-to.pdf): PDF inclusion: found PDF version <1.7>, but at most version <1.5> allowed
<Capitulo2/Fig1-eps-converted-to.pdf, id=68, 1295.84125pt x 819.06pt>
File: Capitulo2/Fig1-eps-converted-to.pdf Graphic file (type pdf)
<use Capitulo2/Fig1-eps-converted-to.pdf>
Package pdftex.def Info: Capitulo2/Fig1-eps-converted-to.pdf  used on input line 10.
(pdftex.def)             Requested size: 277.41176pt x 175.34459pt.
[6



 </home/marco/Tesis/Tesis/Capitulo2/Fig1-eps-converted-to.pdf>]
LaTeX Font Info:    Font shape `OT1/ptm/bx/n' in size <14.4> not available
(Font)              Font shape `OT1/ptm/b/n' tried instead on input line 43.
Package epstopdf Info: Source file: <Capitulo2/Fig1_1.eps>
(epstopdf)                    date: 2020-01-21 22:58:33
(epstopdf)                    size: 221261 bytes
(epstopdf)             Output file: <Capitulo2/Fig1_1-eps-converted-to.pdf>
(epstopdf)                    date: 2020-01-21 22:59:29
(epstopdf)                    size: 206032 bytes
(epstopdf)             Command: <repstopdf --outfile=Capitulo2/Fig1_1-eps-converted-to.pdf Capitulo2/Fig1_1.eps>
(epstopdf)             \includegraphics on input line 52.
Package epstopdf Info: Output file is already uptodate.


pdfTeX warning: pdflatex (file /home/marco/Tesis/Tesis/Capitulo2/Fig1_1-eps-converted-to.pdf): PDF inclusion: found PDF version <1.7>, but at most version <1.5> allowed
<Capitulo2/Fig1_1-eps-converted-to.pdf, id=75, 963.6pt x 721.69624pt>
File: Capitulo2/Fig1_1-eps-converted-to.pdf Graphic file (type pdf)
<use Capitulo2/Fig1_1-eps-converted-to.pdf>
Package pdftex.def Info: Capitulo2/Fig1_1-eps-converted-to.pdf  used on input line 52.
(pdftex.def)             Requested size: 234.73654pt x 175.7985pt.
LaTeX Info: Redefining \. on input line 74.
LaTeX Info: Redefining \% on input line 74.
[7 </home/marco/Tesis/Tesis/Capitulo2/Fig1_1-eps-converted-to.pdf>]
Package epstopdf Info: Source file: <Capitulo2/Fig1_2.eps>
(epstopdf)                    date: 2020-01-21 23:38:14
(epstopdf)                    size: 96458 bytes
(epstopdf)             Output file: <Capitulo2/Fig1_2-eps-converted-to.pdf>
(epstopdf)                    date: 2020-01-21 23:38:42
(epstopdf)                    size: 35554 bytes
(epstopdf)             Command: <repstopdf --outfile=Capitulo2/Fig1_2-eps-converted-to.pdf Capitulo2/Fig1_2.eps>
(epstopdf)             \includegraphics on input line 102.
Package epstopdf Info: Output file is already uptodate.


pdfTeX warning: pdflatex (file /home/marco/Tesis/Tesis/Capitulo2/Fig1_2-eps-converted-to.pdf): PDF inclusion: found PDF version <1.7>, but at most version <1.5> allowed
<Capitulo2/Fig1_2-eps-converted-to.pdf, id=87, 601.24625pt x 458.71375pt>
File: Capitulo2/Fig1_2-eps-converted-to.pdf Graphic file (type pdf)
<use Capitulo2/Fig1_2-eps-converted-to.pdf>
Package pdftex.def Info: Capitulo2/Fig1_2-eps-converted-to.pdf  used on input line 102.
(pdftex.def)             Requested size: 192.0548pt x 146.52542pt.
LaTeX Info: Redefining \. on input line 115.
LaTeX Info: Redefining \% on input line 115.
[8 </home/marco/Tesis/Tesis/Capitulo2/Fig1_2-eps-converted-to.pdf>]
Package epstopdf Info: Source file: <Capitulo2/Fig1_3.eps>
(epstopdf)                    date: 2020-01-25 15:15:12
(epstopdf)                    size: 4850909 bytes
(epstopdf)             Output file: <Capitulo2/Fig1_3-eps-converted-to.pdf>
(epstopdf)                    date: 2020-01-25 15:15:18
(epstopdf)                    size: 3771775 bytes
(epstopdf)             Command: <repstopdf --outfile=Capitulo2/Fig1_3-eps-converted-to.pdf Capitulo2/Fig1_3.eps>
(epstopdf)             \includegraphics on input line 126.
Package epstopdf Info: Output file is already uptodate.


pdfTeX warning: pdflatex (file /home/marco/Tesis/Tesis/Capitulo2/Fig1_3-eps-converted-to.pdf): PDF inclusion: found PDF version <1.7>, but at most version <1.5> allowed
<Capitulo2/Fig1_3-eps-converted-to.pdf, id=104, 3679.7475pt x 3424.795pt>
File: Capitulo2/Fig1_3-eps-converted-to.pdf Graphic file (type pdf)
<use Capitulo2/Fig1_3-eps-converted-to.pdf>
Package pdftex.def Info: Capitulo2/Fig1_3-eps-converted-to.pdf  used on input line 126.
(pdftex.def)             Requested size: 277.41176pt x 258.155pt.
LaTeX Info: Redefining \. on input line 152.
LaTeX Info: Redefining \% on input line 152.
[9 </home/marco/Tesis/Tesis/Capitulo2/Fig1_3-eps-converted-to.pdf>]
Package epstopdf Info: Source file: <Capitulo2/Fig1_5.eps>
(epstopdf)                    date: 2020-01-29 19:24:15
(epstopdf)                    size: 129154 bytes
(epstopdf)             Output file: <Capitulo2/Fig1_5-eps-converted-to.pdf>
(epstopdf)                    date: 2020-01-29 19:24:47
(epstopdf)                    size: 98080 bytes
(epstopdf)             Command: <repstopdf --outfile=Capitulo2/Fig1_5-eps-converted-to.pdf Capitulo2/Fig1_5.eps>
(epstopdf)             \includegraphics on input line 181.
Package epstopdf Info: Output file is already uptodate.


pdfTeX warning: pdflatex (file /home/marco/Tesis/Tesis/Capitulo2/Fig1_5-eps-converted-to.pdf): PDF inclusion: found PDF version <1.7>, but at most version <1.5> allowed
<Capitulo2/Fig1_5-eps-converted-to.pdf, id=115, 594.22pt x 432.61626pt>
File: Capitulo2/Fig1_5-eps-converted-to.pdf Graphic file (type pdf)
<use Capitulo2/Fig1_5-eps-converted-to.pdf>
Package pdftex.def Info: Capitulo2/Fig1_5-eps-converted-to.pdf  used on input line 181.
(pdftex.def)             Requested size: 192.0548pt x 139.82628pt.
LaTeX Info: Redefining \. on input line 198.
LaTeX Info: Redefining \% on input line 198.
[10 </home/marco/Tesis/Tesis/Capitulo2/Fig1_5-eps-converted-to.pdf>]
Package epstopdf Info: Source file: <Capitulo2/Fig1_6.eps>
(epstopdf)                    date: 2020-01-29 20:59:57
(epstopdf)                    size: 2920146 bytes
(epstopdf)             Output file: <Capitulo2/Fig1_6-eps-converted-to.pdf>
(epstopdf)                    date: 2020-01-29 21:00:43
(epstopdf)                    size: 442066 bytes
(epstopdf)             Command: <repstopdf --outfile=Capitulo2/Fig1_6-eps-converted-to.pdf Capitulo2/Fig1_6.eps>
(epstopdf)             \includegraphics on input line 199.
Package epstopdf Info: Output file is already uptodate.


pdfTeX warning: pdflatex (file /home/marco/Tesis/Tesis/Capitulo2/Fig1_6-eps-converted-to.pdf): PDF inclusion: found PDF version <1.7>, but at most version <1.5> allowed
<Capitulo2/Fig1_6-eps-converted-to.pdf, id=122, 1388.18625pt x 313.17pt>
File: Capitulo2/Fig1_6-eps-converted-to.pdf Graphic file (type pdf)
<use Capitulo2/Fig1_6-eps-converted-to.pdf>
Package pdftex.def Info: Capitulo2/Fig1_6-eps-converted-to.pdf  used on input line 199.
(pdftex.def)             Requested size: 298.75264pt x 67.39713pt.
Package epstopdf Info: Source file: <Capitulo2/Fig1_4.eps>
(epstopdf)                    date: 2020-01-25 19:44:39
(epstopdf)                    size: 162794 bytes
(epstopdf)             Output file: <Capitulo2/Fig1_4-eps-converted-to.pdf>
(epstopdf)                    date: 2020-01-25 19:45:28
(epstopdf)                    size: 45873 bytes
(epstopdf)             Command: <repstopdf --outfile=Capitulo2/Fig1_4-eps-converted-to.pdf Capitulo2/Fig1_4.eps>
(epstopdf)             \includegraphics on input line 218.
Package epstopdf Info: Output file is already uptodate.


pdfTeX warning: pdflatex (file /home/marco/Tesis/Tesis/Capitulo2/Fig1_4-eps-converted-to.pdf): PDF inclusion: found PDF version <1.7>, but at most version <1.5> allowed
<Capitulo2/Fig1_4-eps-converted-to.pdf, id=123, 569.12625pt x 175.65625pt>
File: Capitulo2/Fig1_4-eps-converted-to.pdf Graphic file (type pdf)
<use Capitulo2/Fig1_4-eps-converted-to.pdf>
Package pdftex.def Info: Capitulo2/Fig1_4-eps-converted-to.pdf  used on input line 218.
(pdftex.def)             Requested size: 320.0935pt x 98.79834pt.
LaTeX Info: Redefining \. on input line 234.
LaTeX Info: Redefining \% on input line 234.
[11 </home/marco/Tesis/Tesis/Capitulo2/Fig1_6-eps-converted-to.pdf> </home/marco/Tesis/Tesis/Capitulo2/Fig1_4-eps-converted-to.pdf>]
Package epstopdf Info: Source file: <Capitulo2/Fig1_7.eps>
(epstopdf)                    date: 2020-02-02 15:12:00
(epstopdf)                    size: 10801 bytes
(epstopdf)             Output file: <Capitulo2/Fig1_7-eps-converted-to.pdf>
(epstopdf)                    date: 2020-02-02 15:12:20
(epstopdf)                    size: 6234 bytes
(epstopdf)             Command: <repstopdf --outfile=Capitulo2/Fig1_7-eps-converted-to.pdf Capitulo2/Fig1_7.eps>
(epstopdf)             \includegraphics on input line 237.
Package epstopdf Info: Output file is already uptodate.


pdfTeX warning: pdflatex (file /home/marco/Tesis/Tesis/Capitulo2/Fig1_7-eps-converted-to.pdf): PDF inclusion: found PDF version <1.7>, but at most version <1.5> allowed
<Capitulo2/Fig1_7-eps-converted-to.pdf, id=142, 215.80624pt x 212.795pt>
File: Capitulo2/Fig1_7-eps-converted-to.pdf Graphic file (type pdf)
<use Capitulo2/Fig1_7-eps-converted-to.pdf>
Package pdftex.def Info: Capitulo2/Fig1_7-eps-converted-to.pdf  used on input line 237.
(pdftex.def)             Requested size: 106.69783pt x 105.20883pt.
Package epstopdf Info: Source file: <Capitulo2/Fig1_8.eps>
(epstopdf)                    date: 2020-02-02 15:15:35
(epstopdf)                    size: 2891 bytes
(epstopdf)             Output file: <Capitulo2/Fig1_8-eps-converted-to.pdf>
(epstopdf)                    date: 2020-02-02 15:16:04
(epstopdf)                    size: 2706 bytes
(epstopdf)             Command: <repstopdf --outfile=Capitulo2/Fig1_8-eps-converted-to.pdf Capitulo2/Fig1_8.eps>
(epstopdf)             \includegraphics on input line 243.
Package epstopdf Info: Output file is already uptodate.


pdfTeX warning: pdflatex (file /home/marco/Tesis/Tesis/Capitulo2/Fig1_8-eps-converted-to.pdf): PDF inclusion: found PDF version <1.7>, but at most version <1.5> allowed
<Capitulo2/Fig1_8-eps-converted-to.pdf, id=143, 144.54pt x 181.67876pt>
File: Capitulo2/Fig1_8-eps-converted-to.pdf Graphic file (type pdf)
<use Capitulo2/Fig1_8-eps-converted-to.pdf>
Package pdftex.def Info: Capitulo2/Fig1_8-eps-converted-to.pdf  used on input line 243.
(pdftex.def)             Requested size: 85.35696pt x 107.28932pt.
Package epstopdf Info: Source file: <Capitulo2/Fig1_9.eps>
(epstopdf)                    date: 2020-02-02 15:20:28
(epstopdf)                    size: 10669 bytes
(epstopdf)             Output file: <Capitulo2/Fig1_9-eps-converted-to.pdf>
(epstopdf)                    date: 2020-02-02 15:20:57
(epstopdf)                    size: 6048 bytes
(epstopdf)             Command: <repstopdf --outfile=Capitulo2/Fig1_9-eps-converted-to.pdf Capitulo2/Fig1_9.eps>
(epstopdf)             \includegraphics on input line 250.
Package epstopdf Info: Output file is already uptodate.


pdfTeX warning: pdflatex (file /home/marco/Tesis/Tesis/Capitulo2/Fig1_9-eps-converted-to.pdf): PDF inclusion: found PDF version <1.7>, but at most version <1.5> allowed
<Capitulo2/Fig1_9-eps-converted-to.pdf, id=144, 217.81375pt x 212.795pt>
File: Capitulo2/Fig1_9-eps-converted-to.pdf Graphic file (type pdf)
<use Capitulo2/Fig1_9-eps-converted-to.pdf>
Package pdftex.def Info: Capitulo2/Fig1_9-eps-converted-to.pdf  used on input line 250.
(pdftex.def)             Requested size: 106.69783pt x 104.23798pt.
LaTeX Info: Redefining \. on input line 258.
LaTeX Info: Redefining \% on input line 258.
[12 </home/marco/Tesis/Tesis/Capitulo2/Fig1_7-eps-converted-to.pdf> </home/marco/Tesis/Tesis/Capitulo2/Fig1_8-eps-converted-to.pdf> </home/marco/Tesis/Tesis/Capitulo2/Fig1_9-eps-converted-to.pdf>]
Package epstopdf Info: Source file: <Capitulo2/Fig1_10.eps>
(epstopdf)                    date: 2020-02-02 15:54:35
(epstopdf)                    size: 44387 bytes
(epstopdf)             Output file: <Capitulo2/Fig1_10-eps-converted-to.pdf>
(epstopdf)                    date: 2020-02-02 15:55:06
(epstopdf)                    size: 48166 bytes
(epstopdf)             Command: <repstopdf --outfile=Capitulo2/Fig1_10-eps-converted-to.pdf Capitulo2/Fig1_10.eps>
(epstopdf)             \includegraphics on input line 259.
Package epstopdf Info: Output file is already uptodate.


pdfTeX warning: pdflatex (file /home/marco/Tesis/Tesis/Capitulo2/Fig1_10-eps-converted-to.pdf): PDF inclusion: found PDF version <1.7>, but at most version <1.5> allowed
<Capitulo2/Fig1_10-eps-converted-to.pdf, id=162, 217.81375pt x 210.7875pt>
File: Capitulo2/Fig1_10-eps-converted-to.pdf Graphic file (type pdf)
<use Capitulo2/Fig1_10-eps-converted-to.pdf>
Package pdftex.def Info: Capitulo2/Fig1_10-eps-converted-to.pdf  used on input line 259.
(pdftex.def)             Requested size: 149.37958pt x 144.55904pt.
Package epstopdf Info: Source file: <Capitulo2/Fig1_11.eps>
(epstopdf)                    date: 2020-02-02 16:09:59
(epstopdf)                    size: 43517 bytes
(epstopdf)             Output file: <Capitulo2/Fig1_11-eps-converted-to.pdf>
(epstopdf)                    date: 2020-02-02 16:10:31
(epstopdf)                    size: 47206 bytes
(epstopdf)             Command: <repstopdf --outfile=Capitulo2/Fig1_11-eps-converted-to.pdf Capitulo2/Fig1_11.eps>
(epstopdf)             \includegraphics on input line 276.
Package epstopdf Info: Output file is already uptodate.


pdfTeX warning: pdflatex (file /home/marco/Tesis/Tesis/Capitulo2/Fig1_11-eps-converted-to.pdf): PDF inclusion: found PDF version <1.7>, but at most version <1.5> allowed
<Capitulo2/Fig1_11-eps-converted-to.pdf, id=163, 211.79124pt x 210.7875pt>
File: Capitulo2/Fig1_11-eps-converted-to.pdf Graphic file (type pdf)
<use Capitulo2/Fig1_11-eps-converted-to.pdf>
Package pdftex.def Info: Capitulo2/Fig1_11-eps-converted-to.pdf  used on input line 276.
(pdftex.def)             Requested size: 149.37958pt x 148.67596pt.
LaTeX Info: Redefining \. on input line 298.
LaTeX Info: Redefining \% on input line 298.
[13 </home/marco/Tesis/Tesis/Capitulo2/Fig1_10-eps-converted-to.pdf> </home/marco/Tesis/Tesis/Capitulo2/Fig1_11-eps-converted-to.pdf>]
Package epstopdf Info: Source file: <Capitulo2/Fig7.eps>
(epstopdf)                    date: 2020-02-04 20:33:12
(epstopdf)                    size: 2041524 bytes
(epstopdf)             Output file: <Capitulo2/Fig7-eps-converted-to.pdf>
(epstopdf)                    date: 2020-02-04 20:34:02
(epstopdf)                    size: 310315 bytes
(epstopdf)             Command: <repstopdf --outfile=Capitulo2/Fig7-eps-converted-to.pdf Capitulo2/Fig7.eps>
(epstopdf)             \includegraphics on input line 302.
Package epstopdf Info: Output file is already uptodate.


pdfTeX warning: pdflatex (file /home/marco/Tesis/Tesis/Capitulo2/Fig7-eps-converted-to.pdf): PDF inclusion: found PDF version <1.7>, but at most version <1.5> allowed
<Capitulo2/Fig7-eps-converted-to.pdf, id=174, 610.28pt x 697.60625pt>
File: Capitulo2/Fig7-eps-converted-to.pdf Graphic file (type pdf)
<use Capitulo2/Fig7-eps-converted-to.pdf>
Package pdftex.def Info: Capitulo2/Fig7-eps-converted-to.pdf  used on input line 302.
(pdftex.def)             Requested size: 149.37958pt x 170.75003pt.
Package epstopdf Info: Source file: <Capitulo2/Fig6.eps>
(epstopdf)                    date: 2020-01-18 16:55:01
(epstopdf)                    size: 107428 bytes
(epstopdf)             Output file: <Capitulo2/Fig6-eps-converted-to.pdf>
(epstopdf)                    date: 2020-01-18 16:55:36
(epstopdf)                    size: 83773 bytes
(epstopdf)             Command: <repstopdf --outfile=Capitulo2/Fig6-eps-converted-to.pdf Capitulo2/Fig6.eps>
(epstopdf)             \includegraphics on input line 326.
Package epstopdf Info: Output file is already uptodate.


pdfTeX warning: pdflatex (file /home/marco/Tesis/Tesis/Capitulo2/Fig6-eps-converted-to.pdf): PDF inclusion: found PDF version <1.7>, but at most version <1.5> allowed
<Capitulo2/Fig6-eps-converted-to.pdf, id=175, 760.8425pt x 349.305pt>
File: Capitulo2/Fig6-eps-converted-to.pdf Graphic file (type pdf)
<use Capitulo2/Fig6-eps-converted-to.pdf>
Package pdftex.def Info: Capitulo2/Fig6-eps-converted-to.pdf  used on input line 326.
(pdftex.def)             Requested size: 277.41176pt x 127.36467pt.
LaTeX Info: Redefining \. on input line 327.
LaTeX Info: Redefining \% on input line 327.
[14 </home/marco/Tesis/Tesis/Capitulo2/Fig7-eps-converted-to.pdf>]
LaTeX Info: Redefining \. on input line 366.
LaTeX Info: Redefining \% on input line 366.
 [15 </home/marco/Tesis/Tesis/Capitulo2/Fig6-eps-converted-to.pdf>]
Package epstopdf Info: Source file: <Capitulo2/Fig2.eps>
(epstopdf)                    date: 2020-01-16 23:09:54
(epstopdf)                    size: 186178 bytes
(epstopdf)             Output file: <Capitulo2/Fig2-eps-converted-to.pdf>
(epstopdf)                    date: 2020-01-16 23:09:55
(epstopdf)                    size: 186996 bytes
(epstopdf)             Command: <repstopdf --outfile=Capitulo2/Fig2-eps-converted-to.pdf Capitulo2/Fig2.eps>
(epstopdf)             \includegraphics on input line 398.
Package epstopdf Info: Output file is already uptodate.


pdfTeX warning: pdflatex (file /home/marco/Tesis/Tesis/Capitulo2/Fig2-eps-converted-to.pdf): PDF inclusion: found PDF version <1.7>, but at most version <1.5> allowed
<Capitulo2/Fig2-eps-converted-to.pdf, id=196, 392.46625pt x 312.16624pt>
File: Capitulo2/Fig2-eps-converted-to.pdf Graphic file (type pdf)
<use Capitulo2/Fig2-eps-converted-to.pdf>
Package pdftex.def Info: Capitulo2/Fig2-eps-converted-to.pdf  used on input line 398.
(pdftex.def)             Requested size: 213.39568pt x 169.73901pt.
LaTeX Info: Redefining \. on input line 399.
LaTeX Info: Redefining \% on input line 399.
[16]
Package epstopdf Info: Source file: <Capitulo2/Fig3.eps>
(epstopdf)                    date: 2020-01-18 13:02:20
(epstopdf)                    size: 228221 bytes
(epstopdf)             Output file: <Capitulo2/Fig3-eps-converted-to.pdf>
(epstopdf)                    date: 2020-01-18 13:03:18
(epstopdf)                    size: 72140 bytes
(epstopdf)             Command: <repstopdf --outfile=Capitulo2/Fig3-eps-converted-to.pdf Capitulo2/Fig3.eps>
(epstopdf)             \includegraphics on input line 407.
Package epstopdf Info: Output file is already uptodate.


pdfTeX warning: pdflatex (file /home/marco/Tesis/Tesis/Capitulo2/Fig3-eps-converted-to.pdf): PDF inclusion: found PDF version <1.7>, but at most version <1.5> allowed
<Capitulo2/Fig3-eps-converted-to.pdf, id=200, 819.06pt x 324.21124pt>
File: Capitulo2/Fig3-eps-converted-to.pdf Graphic file (type pdf)
<use Capitulo2/Fig3-eps-converted-to.pdf>
Package pdftex.def Info: Capitulo2/Fig3-eps-converted-to.pdf  used on input line 407.
(pdftex.def)             Requested size: 320.0935pt x 126.70407pt.
Package epstopdf Info: Source file: <Capitulo2/Fig4.eps>
(epstopdf)                    date: 2020-01-18 13:11:46
(epstopdf)                    size: 102533 bytes
(epstopdf)             Output file: <Capitulo2/Fig4-eps-converted-to.pdf>
(epstopdf)                    date: 2020-01-18 13:12:18
(epstopdf)                    size: 41039 bytes
(epstopdf)             Command: <repstopdf --outfile=Capitulo2/Fig4-eps-converted-to.pdf Capitulo2/Fig4.eps>
(epstopdf)             \includegraphics on input line 424.
Package epstopdf Info: Output file is already uptodate.


pdfTeX warning: pdflatex (file /home/marco/Tesis/Tesis/Capitulo2/Fig4-eps-converted-to.pdf): PDF inclusion: found PDF version <1.7>, but at most version <1.5> allowed
<Capitulo2/Fig4-eps-converted-to.pdf, id=201, 578.16pt x 245.91875pt>
File: Capitulo2/Fig4-eps-converted-to.pdf Graphic file (type pdf)
<use Capitulo2/Fig4-eps-converted-to.pdf>
Package pdftex.def Info: Capitulo2/Fig4-eps-converted-to.pdf  used on input line 424.
(pdftex.def)             Requested size: 320.0935pt x 136.14879pt.
LaTeX Info: Redefining \. on input line 425.
LaTeX Info: Redefining \% on input line 425.
[17 </home/marco/Tesis/Tesis/Capitulo2/Fig2-eps-converted-to.pdf> </home/marco/Tesis/Tesis/Capitulo2/Fig3-eps-converted-to.pdf>]
LaTeX Info: Redefining \. on input line 475.
LaTeX Info: Redefining \% on input line 475.
 [18 </home/marco/Tesis/Tesis/Capitulo2/Fig4-eps-converted-to.pdf>]
Package epstopdf Info: Source file: <Capitulo2/Fig8.eps>
(epstopdf)                    date: 2020-02-06 20:53:17
(epstopdf)                    size: 14196 bytes
(epstopdf)             Output file: <Capitulo2/Fig8-eps-converted-to.pdf>
(epstopdf)                    date: 2020-02-06 20:54:37
(epstopdf)                    size: 9209 bytes
(epstopdf)             Command: <repstopdf --outfile=Capitulo2/Fig8-eps-converted-to.pdf Capitulo2/Fig8.eps>
(epstopdf)             \includegraphics on input line 476.
Package epstopdf Info: Output file is already uptodate.


pdfTeX warning: pdflatex (file /home/marco/Tesis/Tesis/Capitulo2/Fig8-eps-converted-to.pdf): PDF inclusion: found PDF version <1.7>, but at most version <1.5> allowed
<Capitulo2/Fig8-eps-converted-to.pdf, id=219, 343.2825pt x 351.3125pt>
File: Capitulo2/Fig8-eps-converted-to.pdf Graphic file (type pdf)
<use Capitulo2/Fig8-eps-converted-to.pdf>
Package pdftex.def Info: Capitulo2/Fig8-eps-converted-to.pdf  used on input line 476.
(pdftex.def)             Requested size: 213.39568pt x 218.38507pt.
)
LaTeX Info: Redefining \. on input line 128.
LaTeX Info: Redefining \% on input line 128.
 [19 </home/marco/Tesis/Tesis/Capitulo2/Fig8-eps-converted-to.pdf>]
\openout2 = `Capitulo3/Modelo_Matematico.aux'.

 (/home/marco/Tesis/Tesis/Capitulo3/Modelo_Matematico.tex
Cap\'{\i }tulo 3.
) [20



]
\openout2 = `Capitulo4/Vision_Artificial.aux'.

 (/home/marco/Tesis/Tesis/Capitulo4/Vision_Artificial.tex
Cap\'{\i }tulo 4.
Package epstopdf Info: Source file: <Capitulo4/Fig0_1.eps>
(epstopdf)                    date: 2020-01-30 21:30:26
(epstopdf)                    size: 433705 bytes
(epstopdf)             Output file: <Capitulo4/Fig0_1-eps-converted-to.pdf>
(epstopdf)                    date: 2020-01-30 21:30:52
(epstopdf)                    size: 56797 bytes
(epstopdf)             Command: <repstopdf --outfile=Capitulo4/Fig0_1-eps-converted-to.pdf Capitulo4/Fig0_1.eps>
(epstopdf)             \includegraphics on input line 10.
Package epstopdf Info: Output file is already uptodate.


pdfTeX warning: pdflatex (file /home/marco/Tesis/Tesis/Capitulo4/Fig0_1-eps-converted-to.pdf): PDF inclusion: found PDF version <1.7>, but at most version <1.5> allowed
<Capitulo4/Fig0_1-eps-converted-to.pdf, id=239, 301.125pt x 341.275pt>
File: Capitulo4/Fig0_1-eps-converted-to.pdf Graphic file (type pdf)
<use Capitulo4/Fig0_1-eps-converted-to.pdf>
Package pdftex.def Info: Capitulo4/Fig0_1-eps-converted-to.pdf  used on input line 10.
(pdftex.def)             Requested size: 128.0387pt x 145.11545pt.
[21



 </home/marco/Tesis/Tesis/Capitulo4/Fig0_1-eps-converted-to.pdf>]
Package epstopdf Info: Source file: <Capitulo4/Fig0.eps>
(epstopdf)                    date: 2020-01-30 20:46:31
(epstopdf)                    size: 22813 bytes
(epstopdf)             Output file: <Capitulo4/Fig0-eps-converted-to.pdf>
(epstopdf)                    date: 2020-01-30 20:47:08
(epstopdf)                    size: 20645 bytes
(epstopdf)             Command: <repstopdf --outfile=Capitulo4/Fig0-eps-converted-to.pdf Capitulo4/Fig0.eps>
(epstopdf)             \includegraphics on input line 63.
Package epstopdf Info: Output file is already uptodate.


pdfTeX warning: pdflatex (file /home/marco/Tesis/Tesis/Capitulo4/Fig0-eps-converted-to.pdf): PDF inclusion: found PDF version <1.7>, but at most version <1.5> allowed
<Capitulo4/Fig0-eps-converted-to.pdf, id=247, 483.8075pt x 114.4275pt>
File: Capitulo4/Fig0-eps-converted-to.pdf Graphic file (type pdf)
<use Capitulo4/Fig0-eps-converted-to.pdf>
Package pdftex.def Info: Capitulo4/Fig0-eps-converted-to.pdf  used on input line 63.
(pdftex.def)             Requested size: 256.07741pt x 60.5677pt.
LaTeX Info: Redefining \. on input line 76.
LaTeX Info: Redefining \% on input line 76.
[22 </home/marco/Tesis/Tesis/Capitulo4/Fig0-eps-converted-to.pdf>]
Package epstopdf Info: Source file: <Capitulo4/Fig1.eps>
(epstopdf)                    date: 2020-01-30 21:50:14
(epstopdf)                    size: 19383 bytes
(epstopdf)             Output file: <Capitulo4/Fig1-eps-converted-to.pdf>
(epstopdf)                    date: 2020-01-30 21:50:33
(epstopdf)                    size: 18280 bytes
(epstopdf)             Command: <repstopdf --outfile=Capitulo4/Fig1-eps-converted-to.pdf Capitulo4/Fig1.eps>
(epstopdf)             \includegraphics on input line 77.
Package epstopdf Info: Output file is already uptodate.


pdfTeX warning: pdflatex (file /home/marco/Tesis/Tesis/Capitulo4/Fig1-eps-converted-to.pdf): PDF inclusion: found PDF version <1.7>, but at most version <1.5> allowed
<Capitulo4/Fig1-eps-converted-to.pdf, id=254, 341.275pt x 298.11375pt>
File: Capitulo4/Fig1-eps-converted-to.pdf Graphic file (type pdf)
<use Capitulo4/Fig1-eps-converted-to.pdf>
Package pdftex.def Info: Capitulo4/Fig1-eps-converted-to.pdf  used on input line 77.
(pdftex.def)             Requested size: 213.39568pt x 186.4116pt.
Package epstopdf Info: Source file: <Capitulo4/publisher.eps>
(epstopdf)                    date: 2020-01-30 23:05:11
(epstopdf)                    size: 93113 bytes
(epstopdf)             Output file: <Capitulo4/publisher-eps-converted-to.pdf>
(epstopdf)                    date: 2020-01-30 23:09:19
(epstopdf)                    size: 77777 bytes
(epstopdf)             Command: <repstopdf --outfile=Capitulo4/publisher-eps-converted-to.pdf Capitulo4/publisher.eps>
(epstopdf)             \includegraphics on input line 96.
Package epstopdf Info: Output file is already uptodate.


pdfTeX warning: pdflatex (file /home/marco/Tesis/Tesis/Capitulo4/publisher-eps-converted-to.pdf): PDF inclusion: found PDF version <1.7>, but at most version <1.5> allowed
<Capitulo4/publisher-eps-converted-to.pdf, id=255, 378.41376pt x 1115.16624pt>
File: Capitulo4/publisher-eps-converted-to.pdf Graphic file (type pdf)
<use Capitulo4/publisher-eps-converted-to.pdf>
Package pdftex.def Info: Capitulo4/publisher-eps-converted-to.pdf  used on input line 96.
(pdftex.def)             Requested size: 149.37958pt x 440.20508pt.
LaTeX Info: Redefining \. on input line 97.
LaTeX Info: Redefining \% on input line 97.
[23 </home/marco/Tesis/Tesis/Capitulo4/Fig1-eps-converted-to.pdf>]
LaTeX Info: Redefining \. on input line 124.
LaTeX Info: Redefining \% on input line 124.
 [24 </home/marco/Tesis/Tesis/Capitulo4/publisher-eps-converted-to.pdf>]
Package epstopdf Info: Source file: <Capitulo4/HSV_amarillo.eps>
(epstopdf)                    date: 2020-01-30 23:43:27
(epstopdf)                    size: 24614 bytes
(epstopdf)             Output file: <Capitulo4/HSV_amarillo-eps-converted-to.pdf>
(epstopdf)                    date: 2020-01-30 23:43:50
(epstopdf)                    size: 21205 bytes
(epstopdf)             Command: <repstopdf --outfile=Capitulo4/HSV_amarillo-eps-converted-to.pdf Capitulo4/HSV_amarillo.eps>
(epstopdf)             \includegraphics on input line 126.
Package epstopdf Info: Output file is already uptodate.


pdfTeX warning: pdflatex (file /home/marco/Tesis/Tesis/Capitulo4/HSV_amarillo-eps-converted-to.pdf): PDF inclusion: found PDF version <1.7>, but at most version <1.5> allowed
<Capitulo4/HSV_amarillo-eps-converted-to.pdf, id=267, 1027.84pt x 252.945pt>
File: Capitulo4/HSV_amarillo-eps-converted-to.pdf Graphic file (type pdf)
<use Capitulo4/HSV_amarillo-eps-converted-to.pdf>
Package pdftex.def Info: Capitulo4/HSV_amarillo-eps-converted-to.pdf  used on input line 126.
(pdftex.def)             Requested size: 426.79135pt x 105.03197pt.
Package epstopdf Info: Source file: <Capitulo4/HSV_rojo.eps>
(epstopdf)                    date: 2020-02-06 21:24:06
(epstopdf)                    size: 24310 bytes
(epstopdf)             Output file: <Capitulo4/HSV_rojo-eps-converted-to.pdf>
(epstopdf)                    date: 2020-02-06 21:25:21
(epstopdf)                    size: 21202 bytes
(epstopdf)             Command: <repstopdf --outfile=Capitulo4/HSV_rojo-eps-converted-to.pdf Capitulo4/HSV_rojo.eps>
(epstopdf)             \includegraphics on input line 141.
Package epstopdf Info: Output file is already uptodate.


pdfTeX warning: pdflatex (file /home/marco/Tesis/Tesis/Capitulo4/HSV_rojo-eps-converted-to.pdf): PDF inclusion: found PDF version <1.7>, but at most version <1.5> allowed
<Capitulo4/HSV_rojo-eps-converted-to.pdf, id=268, 1026.83624pt x 257.96375pt>
File: Capitulo4/HSV_rojo-eps-converted-to.pdf Graphic file (type pdf)
<use Capitulo4/HSV_rojo-eps-converted-to.pdf>
Package pdftex.def Info: Capitulo4/HSV_rojo-eps-converted-to.pdf  used on input line 141.
(pdftex.def)             Requested size: 426.79135pt x 107.21826pt.
LaTeX Info: Redefining \. on input line 152.
LaTeX Info: Redefining \% on input line 152.
[25 </home/marco/Tesis/Tesis/Capitulo4/HSV_amarillo-eps-converted-to.pdf> </home/marco/Tesis/Tesis/Capitulo4/HSV_rojo-eps-converted-to.pdf>])
LaTeX Info: Redefining \. on input line 130.
LaTeX Info: Redefining \% on input line 130.
 [26]
\openout2 = `ApendiceA/ApendiceA.aux'.

 (/home/marco/Tesis/Tesis/ApendiceA/ApendiceA.tex [27




]
LaTeX Font Info:    Font shape `OT1/ptm/bx/n' in size <10.95> not available
(Font)              Font shape `OT1/ptm/b/n' tried instead on input line 43.
LaTeX Font Info:    Font shape `OT1/ptm/bx/n' in size <8> not available
(Font)              Font shape `OT1/ptm/b/n' tried instead on input line 43.
LaTeX Font Info:    Font shape `OT1/ptm/bx/n' in size <6> not available
(Font)              Font shape `OT1/ptm/b/n' tried instead on input line 43.
)
LaTeX Info: Redefining \. on input line 139.
LaTeX Info: Redefining \% on input line 139.
 [28]
\openout2 = `ApendiceB/ApendiceB.aux'.

 (/home/marco/Tesis/Tesis/ApendiceB/ApendiceB.tex
LaTeX Font Info:    Try loading font information for OMS+ptm on input line 16.
 (/usr/share/texlive/texmf-dist/tex/latex/psnfss/omsptm.fd
File: omsptm.fd 
)
LaTeX Font Info:    Font shape `OMS/ptm/m/n' in size <12> not available
(Font)              Font shape `OMS/cmsy/m/n' tried instead on input line 16.
Package epstopdf Info: Source file: <ApendiceB/Fig0.eps>
(epstopdf)                    date: 2020-01-18 15:38:07
(epstopdf)                    size: 2045187 bytes
(epstopdf)             Output file: <ApendiceB/Fig0-eps-converted-to.pdf>
(epstopdf)                    date: 2020-02-06 18:42:51
(epstopdf)                    size: 351158 bytes
(epstopdf)             Command: <repstopdf --outfile=ApendiceB/Fig0-eps-converted-to.pdf ApendiceB/Fig0.eps>
(epstopdf)             \includegraphics on input line 26.
Package epstopdf Info: Output file is already uptodate.


pdfTeX warning: pdflatex (file /home/marco/Tesis/Tesis/ApendiceB/Fig0-eps-converted-to.pdf): PDF inclusion: found PDF version <1.7>, but at most version <1.5> allowed
<ApendiceB/Fig0-eps-converted-to.pdf, id=289, 963.6pt x 542.025pt>
File: ApendiceB/Fig0-eps-converted-to.pdf Graphic file (type pdf)
<use ApendiceB/Fig0-eps-converted-to.pdf>
Package pdftex.def Info: ApendiceB/Fig0-eps-converted-to.pdf  used on input line 26.
(pdftex.def)             Requested size: 234.73654pt x 132.03224pt.
) [29



 </home/marco/Tesis/Tesis/ApendiceB/Fig0-eps-converted-to.pdf>] (/home/marco/Tesis/Tesis/Tesis.bbl
Underfull \hbox (badness 10000) in paragraph at lines 9--12
[]\OT1/ptm/m/n/12 ``gimbal bea-ring { li-quid roc-ket en-gi-nes (j-2x, rs-25, ge-ne-ral).''
 []


Overfull \hbox (38.5229pt too wide) in paragraph at lines 18--21
[]\OT1/ptm/m/n/12 ``Nasa's j-2x roc-ket en-gi-ne de-ve-lop-ment.'' https://www.nasa.gov/exploration/systems/sls/j2x.
 []


Underfull \hbox (badness 10000) in paragraph at lines 23--26
[]\OT1/ptm/m/n/12 ``The gim-bal rig mer-cury as-tro-naut trai-ner.''
 []


Underfull \hbox (badness 1565) in paragraph at lines 23--26
\OT1/ptm/m/n/12 https://www.nasa.gov/centers/glenn/about/history/mastif.html, 2017.  Ac-ces-sed:
 []

[30


])
LaTeX Info: Redefining \. on input line 143.
LaTeX Info: Redefining \% on input line 143.
 [31] (/home/marco/Tesis/Tesis/Tesis.aux (/home/marco/Tesis/Tesis/Portada/Portada.aux)
LaTeX Info: Redefining \. on input line 7.
LaTeX Info: Redefining \% on input line 7.
 (/home/marco/Tesis/Tesis/Agradecimientos/Dedicatoria.aux) (/home/marco/Tesis/Tesis/Agradecimientos/Agradecimientos.aux) (/home/marco/Tesis/Tesis/Capitulo1/Introduccion.aux) (/home/marco/Tesis/Tesis/Capitulo2/Marco_Teorico.aux) (/home/marco/Tesis/Tesis/Capitulo3/Modelo_Matematico.aux) (/home/marco/Tesis/Tesis/Capitulo4/Vision_Artificial.aux) (/home/marco/Tesis/Tesis/ApendiceA/ApendiceA.aux) (/home/marco/Tesis/Tesis/ApendiceB/ApendiceB.aux))

LaTeX Warning: There were multiply-defined labels.

 ) 
Here is how much of TeX's memory you used:
 8818 strings out of 492982
 129304 string characters out of 6134895
 377975 words of memory out of 5000000
 12065 multiletter control sequences out of 15000+600000
 47712 words of font info for 106 fonts, out of 8000000 for 9000
 1141 hyphenation exceptions out of 8191
 41i,8n,41p,307b,1626s stack positions out of 5000i,500n,10000p,200000b,80000s
{/usr/share/texlive/texmf-dist/fonts/enc/dvips/base/8r.enc}</usr/share/texlive/texmf-dist/fonts/type1/public/amsfonts/cm/cmmi10.pfb></usr/share/texlive/texmf-dist/fonts/type1/public/amsfonts/cm/cmr10.pfb></usr/share/texlive/texmf-dist/fonts/type1/public/amsfonts/cm/cmss17.pfb></usr/share/texlive/texmf-dist/fonts/type1/public/amsfonts/cm/cmsy10.pfb></usr/share/texlive/texmf-dist/fonts/type1/public/amsfonts/cm/cmtt10.pfb></usr/share/texlive/texmf-dist/fonts/type1/urw/symbol/usyr.pfb></usr/share/texlive/texmf-dist/fonts/type1/urw/symbol/usyr.pfb></usr/share/texlive/texmf-dist/fonts/type1/urw/times/utmb8a.pfb></usr/share/texlive/texmf-dist/fonts/type1/urw/times/utmr8a.pfb></usr/share/texlive/texmf-dist/fonts/type1/urw/times/utmr8a.pfb></usr/share/texlive/texmf-dist/fonts/type1/urw/times/utmri8a.pfb>
Output written on /home/marco/Tesis/Tesis/Tesis.pdf (37 pages, 7788093 bytes).
PDF statistics:
 343 PDF objects out of 1000 (max. 8388607)
 208 compressed objects within 3 object streams
 0 named destinations out of 1000 (max. 500000)
 156 words of extra memory for PDF output out of 10000 (max. 10000000)

